12:48:57.76     服务器初始化
12:48:57.83     Port:6650
12:48:57.85     初始化控制台
12:48:57.85     服务器执行成功
12:49:08.00     服务器初始化
12:49:08.07     Port:6650
12:49:08.09     初始化控制台
12:49:08.09     服务器执行成功
12:49:59.43     服务器初始化
12:49:59.49     Port:6650
12:49:59.51     初始化控制台
12:49:59.51     服务器执行成功
12:51:41.33     服务器初始化
12:51:41.41     Port:6650
12:51:41.42     初始化控制台
12:51:41.42     服务器执行成功
12:54:39.50     服务器初始化
12:54:39.58     Port:6650
12:54:39.59     初始化控制台
12:54:39.59     服务器执行成功
12:55:45.26     服务器初始化
12:55:45.34     Port:6650
12:55:45.35     初始化控制台
12:55:45.35     服务器执行成功
12:58:00.38     程序强制关闭,按任意键继续
12:11:15.42     服务器初始化
12:11:15.49     Port:6650
12:11:15.50     初始化控制台
12:11:15.51     服务器执行成功
12:12:34.94     网络消息接收异常:用户退出+ConnectionReset
12:17:49.85     程序强制关闭,按任意键继续
12:20:06.45     服务器初始化
12:20:06.51     Port:6650
12:20:06.52     初始化控制台
12:20:06.52     服务器执行成功
12:21:54.92     程序强制关闭,按任意键继续
12:28:34.92     服务器初始化
12:28:34.99     Port:6650
12:28:35.01     初始化控制台
12:28:35.01     服务器执行成功
12:40:53.95     服务器初始化
12:40:54.01     Port:6650
12:40:54.03     初始化控制台
12:40:54.03     服务器执行成功
