12:15:24.78     服务器初始化
12:15:24.85     Port:6650
12:15:24.86     初始化控制台
12:15:24.86     服务器执行成功
12:18:00.03     服务器初始化
12:18:00.10     Port:6650
12:18:00.11     初始化控制台
12:18:00.11     服务器执行成功
12:24:20.94     服务器初始化
12:24:21.01     Port:6650
12:24:21.02     初始化控制台
12:24:21.02     服务器执行成功
12:30:48.10     服务器初始化
12:30:48.16     Port:6650
12:30:48.18     初始化控制台
12:30:48.18     服务器执行成功
12:35:54.06     服务器初始化
12:35:54.13     Port:6650
12:35:54.14     初始化控制台
12:35:54.15     服务器执行成功
12:36:40.39     691725匹配队列已被移除
12:38:11.63     291259匹配队列已被移除
12:40:02.58     服务器初始化
12:40:02.65     Port:6650
12:40:02.67     初始化控制台
12:40:02.67     服务器执行成功
12:41:07.73     466395匹配队列已被移除
12:42:25.21     服务器初始化
12:42:25.28     Port:6650
12:42:25.29     初始化控制台
12:42:25.29     服务器执行成功
12:45:50.88     服务器初始化
12:45:50.94     Port:6650
12:45:50.95     初始化控制台
12:45:50.95     服务器执行成功
12:48:42.67     服务器初始化
12:48:42.74     Port:6650
12:48:42.75     初始化控制台
12:48:42.75     服务器执行成功
12:53:03.93     842713匹配队列已被移除
12:53:31.91     网络消息接收异常:用户退出+ConnectionReset
12:53:36.94     网络消息接收异常:用户退出+ConnectionReset
12:57:49.25     686715匹配队列已被移除
12:58:07.93     网络消息接收异常:用户退出+ConnectionReset
01:01:11.98     451488匹配队列已被移除
01:02:00.39     912628匹配队列已被移除
