03:31:30.08     服务器初始化
03:31:30.16     Port:6650
03:31:30.17     初始化控制台
03:31:30.17     服务器执行成功
03:32:55.98     网络消息接收异常:用户退出+ConnectionReset
03:35:27.03     服务器初始化
03:35:27.09     Port:6650
03:35:27.10     初始化控制台
03:35:27.10     服务器执行成功
03:52:16.48     服务器初始化
03:52:16.55     Port:6650
03:52:16.56     初始化控制台
03:52:16.56     服务器执行成功
03:52:46.98     网络消息接收异常:用户退出+ConnectionReset
03:53:47.50     网络消息接收异常:用户退出+ConnectionReset
04:15:22.05     程序强制关闭,按任意键继续
04:20:31.25     服务器初始化
04:20:31.31     Port:6650
04:20:31.32     初始化控制台
04:20:31.33     服务器执行成功
04:27:48.88     服务器初始化
04:27:48.95     Port:6650
04:27:48.98     初始化控制台
04:27:48.98     服务器执行成功
04:29:06.66     程序强制关闭,按任意键继续
