12:54:38.87     服务器初始化
12:54:38.93     Port:6650
12:54:38.97     初始化控制台
12:54:38.97     服务器执行成功
12:54:49.80     服务器初始化
12:54:49.85     Port:6650
12:54:49.90     初始化控制台
12:54:49.90     服务器执行成功
12:55:00.67     服务器初始化
12:55:00.72     Port:6650
12:55:00.76     初始化控制台
12:55:00.77     服务器执行成功
12:55:11.50     服务器初始化
12:55:11.56     Port:6650
12:55:11.61     初始化控制台
12:55:11.61     服务器执行成功
12:55:22.06     程序强制关闭,按任意键继续
12:55:22.42     服务器初始化
12:55:22.49     Port:6650
12:55:22.53     初始化控制台
12:55:22.53     服务器执行成功
12:55:23.88     程序强制关闭,按任意键继续
