10:52:42.28     服务器初始化
10:52:42.34     Port:6650
10:52:42.36     初始化控制台
10:52:42.36     服务器执行成功
10:58:21.61     服务器初始化
10:58:21.68     Port:6650
10:58:21.69     初始化控制台
10:58:21.69     服务器执行成功
11:00:56.90     服务器初始化
11:00:56.97     Port:6650
11:00:56.99     初始化控制台
11:00:56.99     服务器执行成功
11:06:14.49     服务器初始化
11:06:14.56     Port:6650
11:06:14.57     初始化控制台
11:06:14.57     服务器执行成功
11:12:51.90     服务器初始化
11:12:51.97     Port:6650
11:12:51.98     初始化控制台
11:12:51.98     服务器执行成功
11:14:08.58     程序强制关闭,按任意键继续
11:14:17.38     服务器初始化
11:14:17.45     Port:6650
11:14:17.47     初始化控制台
11:14:17.47     服务器执行成功
