01:24:21.25     username = lin10001请求登录失败，没有此账号
01:25:27.15     username = lin100266请求登录失败，没有此账号
01:25:33.31     username = lin100266请求登录失败，没有此账号
01:25:37.55     username = lin100266请求登录失败，没有此账号
01:25:43.14     username = lin100266请求登录失败，没有此账号
01:26:50.90     username = libn100266请求登录失败，没有此账号
01:26:54.83     username = libn100266请求登录失败，没有此账号
01:26:55.29     username = libn100266请求登录失败，没有此账号
01:26:55.82     username = libn100266请求登录失败，没有此账号
01:26:56.30     username = libn100266请求登录失败，没有此账号
01:26:56.72     username = libn100266请求登录失败，没有此账号
01:26:57.17     username = libn100266请求登录失败，没有此账号
01:26:58.15     username = libn100266请求登录失败，没有此账号
01:26:58.42     username = libn100266请求登录失败，没有此账号
01:26:58.71     username = libn100266请求登录失败，没有此账号
01:26:59.13     username = libn100266请求登录失败，没有此账号
01:26:59.52     username = libn100266请求登录失败，没有此账号
01:26:59.84     username = libn100266请求登录失败，没有此账号
01:27:00.05     username = libn100266请求登录失败，没有此账号
01:31:20.73     username = asdffsadfd请求登录失败，没有此账号
01:31:22.08     username = asdffsadfd请求登录失败，没有此账号
01:31:22.66     username = asdffsadfd请求登录失败，没有此账号
01:31:23.16     username = asdffsadfd请求登录失败，没有此账号
01:31:23.66     username = asdffsadfd请求登录失败，没有此账号
01:31:24.15     username = asdffsadfd请求登录失败，没有此账号
01:31:24.32     username = asdffsadfd请求登录失败，没有此账号
01:31:25.00     username = asdffsadfd请求登录失败，没有此账号
01:31:25.17     username = asdffsadfd请求登录失败，没有此账号
01:31:25.37     username = asdffsadfd请求登录失败，没有此账号
01:31:25.71     username = asdffsadfd请求登录失败，没有此账号
01:31:26.11     username = asdffsadfd请求登录失败，没有此账号
01:31:27.56     username = asdffsadfd请求登录失败，没有此账号
01:31:27.90     username = asdffsadfd请求登录失败，没有此账号
01:31:28.15     username = asdffsadfd请求登录失败，没有此账号
01:31:28.34     username = asdffsadfd请求登录失败，没有此账号
01:31:28.52     username = asdffsadfd请求登录失败，没有此账号
01:31:28.73     username = asdffsadfd请求登录失败，没有此账号
01:31:28.90     username = asdffsadfd请求登录失败，没有此账号
01:31:29.07     username = asdffsadfd请求登录失败，没有此账号
01:31:29.27     username = asdffsadfd请求登录失败，没有此账号
01:31:29.46     username = asdffsadfd请求登录失败，没有此账号
01:31:29.63     username = asdffsadfd请求登录失败，没有此账号
01:31:29.82     username = asdffsadfd请求登录失败，没有此账号
01:31:30.07     username = asdffsadfd请求登录失败，没有此账号
01:33:32.57     username = asdsfadf请求登录失败，没有此账号
01:33:32.97     username = asdsfadf请求登录失败，没有此账号
01:33:33.16     username = asdsfadf请求登录失败，没有此账号
01:33:33.33     username = asdsfadf请求登录失败，没有此账号
01:33:33.79     username = asdsfadf请求登录失败，没有此账号
01:33:34.02     username = asdsfadf请求登录失败，没有此账号
01:33:34.34     username = asdsfadf请求登录失败，没有此账号
01:34:31.04     username = sadfasdf请求登录失败，没有此账号
01:47:17.00     username = dadsds请求登录失败，没有此账号
01:47:17.62     username = dadsds请求登录失败，没有此账号
01:47:17.81     username = dadsds请求登录失败，没有此账号
01:47:17.98     username = dadsds请求登录失败，没有此账号
01:47:18.15     username = dadsds请求登录失败，没有此账号
11:18:04.55     username = lin10001请求登录失败，没有此账号
11:18:07.68     username = lin10001请求登录失败，没有此账号
11:18:08.13     username = lin10001请求登录失败，没有此账号
11:18:08.76     username = lin10001请求登录失败，没有此账号
11:18:09.74     username = lin10001请求登录失败，没有此账号
11:18:10.68     username = lin10001请求登录失败，没有此账号
11:18:11.07     username = lin10001请求登录失败，没有此账号
11:18:11.82     username = lin10001请求登录失败，没有此账号
11:18:14.76     username = lin10001请求登录失败，没有此账号
11:18:14.93     username = lin10001请求登录失败，没有此账号
11:18:15.10     username = lin10001请求登录失败，没有此账号
11:18:15.29     username = lin10001请求登录失败，没有此账号
11:18:15.47     username = lin10001请求登录失败，没有此账号
11:18:15.65     username = lin10001请求登录失败，没有此账号
11:18:15.80     username = lin10001请求登录失败，没有此账号
11:18:15.99     username = lin10001请求登录失败，没有此账号
11:18:16.15     username = lin10001请求登录失败，没有此账号
11:18:16.32     username = lin10001请求登录失败，没有此账号
11:18:16.50     username = lin10001请求登录失败，没有此账号
11:18:16.68     username = lin10001请求登录失败，没有此账号
11:18:16.88     username = lin10001请求登录失败，没有此账号
11:18:17.06     username = lin10001请求登录失败，没有此账号
11:18:17.64     username = lin10001请求登录失败，没有此账号
11:18:17.89     username = lin10001请求登录失败，没有此账号
11:18:18.11     username = lin10001请求登录失败，没有此账号
11:18:18.31     username = lin10001请求登录失败，没有此账号
11:18:18.48     username = lin10001请求登录失败，没有此账号
11:18:18.85     username = lin10001请求登录失败，没有此账号
11:18:19.03     username = lin10001请求登录失败，没有此账号
11:18:19.22     username = lin10001请求登录失败，没有此账号
11:18:19.40     username = lin10001请求登录失败，没有此账号
11:18:19.57     username = lin10001请求登录失败，没有此账号
11:18:19.79     username = lin10001请求登录失败，没有此账号
11:18:19.94     username = lin10001请求登录失败，没有此账号
11:18:20.15     username = lin10001请求登录失败，没有此账号
11:18:20.33     username = lin10001请求登录失败，没有此账号
11:18:20.54     username = lin10001请求登录失败，没有此账号
11:18:20.73     username = lin10001请求登录失败，没有此账号
11:18:20.93     username = lin10001请求登录失败，没有此账号
11:18:21.14     username = lin10001请求登录失败，没有此账号
11:18:21.32     username = lin10001请求登录失败，没有此账号
11:18:21.51     username = lin10001请求登录失败，没有此账号
11:18:21.69     username = lin10001请求登录失败，没有此账号
11:18:21.87     username = lin10001请求登录失败，没有此账号
11:18:22.04     username = lin10001请求登录失败，没有此账号
11:18:22.20     username = lin10001请求登录失败，没有此账号
11:18:22.40     username = lin10001请求登录失败，没有此账号
11:18:22.57     username = lin10001请求登录失败，没有此账号
11:18:22.75     username = lin10001请求登录失败，没有此账号
11:18:22.92     username = lin10001请求登录失败，没有此账号
11:18:23.09     username = lin10001请求登录失败，没有此账号
11:25:16.11     username = dsafsadfasd请求登录失败，没有此账号
11:25:16.63     username = dsafsadfasd请求登录失败，没有此账号
11:25:16.99     username = dsafsadfasd请求登录失败，没有此账号
11:25:17.20     username = dsafsadfasd请求登录失败，没有此账号
11:25:17.37     username = dsafsadfasd请求登录失败，没有此账号
11:25:17.57     username = dsafsadfasd请求登录失败，没有此账号
11:25:17.75     username = dsafsadfasd请求登录失败，没有此账号
11:25:17.93     username = dsafsadfasd请求登录失败，没有此账号
11:25:18.09     username = dsafsadfasd请求登录失败，没有此账号
11:25:18.29     username = dsafsadfasd请求登录失败，没有此账号
11:25:18.48     username = dsafsadfasd请求登录失败，没有此账号
11:25:19.05     username = dsafsadfasd请求登录失败，没有此账号
11:25:19.25     username = dsafsadfasd请求登录失败，没有此账号
11:25:19.43     username = dsafsadfasd请求登录失败，没有此账号
11:25:19.61     username = dsafsadfasd请求登录失败，没有此账号
11:25:19.80     username = dsafsadfasd请求登录失败，没有此账号
11:25:20.16     username = dsafsadfasd请求登录失败，没有此账号
11:25:20.35     username = dsafsadfasd请求登录失败，没有此账号
11:25:20.51     username = dsafsadfasd请求登录失败，没有此账号
11:25:20.73     username = dsafsadfasd请求登录失败，没有此账号
11:25:20.88     username = dsafsadfasd请求登录失败，没有此账号
11:25:21.05     username = dsafsadfasd请求登录失败，没有此账号
11:25:21.23     username = dsafsadfasd请求登录失败，没有此账号
11:25:21.39     username = dsafsadfasd请求登录失败，没有此账号
11:25:21.57     username = dsafsadfasd请求登录失败，没有此账号
11:25:21.75     username = dsafsadfasd请求登录失败，没有此账号
11:25:21.95     username = dsafsadfasd请求登录失败，没有此账号
11:25:22.11     username = dsafsadfasd请求登录失败，没有此账号
11:25:22.27     username = dsafsadfasd请求登录失败，没有此账号
11:25:22.46     username = dsafsadfasd请求登录失败，没有此账号
11:25:22.65     username = dsafsadfasd请求登录失败，没有此账号
11:25:22.81     username = dsafsadfasd请求登录失败，没有此账号
11:25:22.98     username = dsafsadfasd请求登录失败，没有此账号
11:25:23.16     username = dsafsadfasd请求登录失败，没有此账号
11:25:23.34     username = dsafsadfasd请求登录失败，没有此账号
11:25:23.54     username = dsafsadfasd请求登录失败，没有此账号
11:26:30.85     username = dsaaddsa请求登录失败，没有此账号
11:26:31.26     username = dsaaddsa请求登录失败，没有此账号
11:26:31.46     username = dsaaddsa请求登录失败，没有此账号
11:26:31.84     username = dsaaddsa请求登录失败，没有此账号
11:26:32.20     username = dsaaddsa请求登录失败，没有此账号
11:26:33.38     username = dsaaddsa请求登录失败，没有此账号
11:26:34.02     username = dsaaddsa请求登录失败，没有此账号
11:26:34.56     username = dsaaddsa请求登录失败，没有此账号
11:26:35.66     username = dsaaddsa请求登录失败，没有此账号
11:26:35.99     username = dsaaddsa请求登录失败，没有此账号
11:26:37.06     username = dsaaddsa请求登录失败，没有此账号
11:26:37.55     username = dsaaddsa请求登录失败，没有此账号
11:26:37.92     username = dsaaddsa请求登录失败，没有此账号
11:26:38.67     username = dsaaddsa请求登录失败，没有此账号
11:26:39.20     username = dsaaddsa请求登录失败，没有此账号
11:26:39.54     username = dsaaddsa请求登录失败，没有此账号
11:26:40.47     username = dsaaddsa请求登录失败，没有此账号
11:26:41.12     username = dsaaddsa请求登录失败，没有此账号
11:26:41.40     username = dsaaddsa请求登录失败，没有此账号
11:26:41.94     username = dsaaddsa请求登录失败，没有此账号
11:26:42.57     username = dsaaddsa请求登录失败，没有此账号
11:34:14.40     lin10001上线成功
11:35:33.32     lin10002上线成功
11:36:20.75     username = sssssssss请求登录失败，没有此账号
11:36:42.99     username = lin10001请求登录失败，账号已在线
11:36:46.02     username = lin10001请求登录失败，账号已在线
11:36:46.42     username = lin10001请求登录失败，账号已在线
11:36:46.61     username = lin10001请求登录失败，账号已在线
11:36:46.81     username = lin10001请求登录失败，账号已在线
11:36:47.00     username = lin10001请求登录失败，账号已在线
11:36:47.20     username = lin10001请求登录失败，账号已在线
11:36:47.71     username = lin10001请求登录失败，账号已在线
11:36:47.90     username = lin10001请求登录失败，账号已在线
11:36:48.09     username = lin10001请求登录失败，账号已在线
11:36:48.44     username = lin10001请求登录失败，账号已在线
11:36:48.65     username = lin10001请求登录失败，账号已在线
11:36:48.83     username = lin10001请求登录失败，账号已在线
11:36:49.01     username = lin10001请求登录失败，账号已在线
11:36:49.19     username = lin10001请求登录失败，账号已在线
11:36:49.36     username = lin10001请求登录失败，账号已在线
11:36:49.55     username = lin10001请求登录失败，账号已在线
11:36:49.71     username = lin10001请求登录失败，账号已在线
11:36:49.91     username = lin10001请求登录失败，账号已在线
11:36:50.13     username = lin10001请求登录失败，账号已在线
11:36:50.27     username = lin10001请求登录失败，账号已在线
11:36:50.46     username = lin10001请求登录失败，账号已在线
11:36:50.65     username = lin10001请求登录失败，账号已在线
11:36:50.82     username = lin10001请求登录失败，账号已在线
11:36:51.00     username = lin10001请求登录失败，账号已在线
11:36:51.18     username = lin10001请求登录失败，账号已在线
11:36:51.38     username = lin10001请求登录失败，账号已在线
11:36:51.58     username = lin10001请求登录失败，账号已在线
11:36:51.77     username = lin10001请求登录失败，账号已在线
11:36:51.94     username = lin10001请求登录失败，账号已在线
11:36:52.12     username = lin10001请求登录失败，账号已在线
11:36:52.30     username = lin10001请求登录失败，账号已在线
11:36:52.46     username = lin10001请求登录失败，账号已在线
