03:51:32.90     用户请求快速注册消息到达
03:51:32.90     ip = 127.0.0.1:63000请求快速注册
03:51:32.90     快速注册成功:账号=lin10001 昵称=游10001
03:51:32.97     1获取用户信息
04:20:06.77     用户请求快速注册消息到达
04:20:06.77     ip = 127.0.0.1:50084请求快速注册
04:20:06.77     快速注册成功:账号=lin10001 昵称=游10001
04:20:06.84     1获取用户信息
04:21:55.70     用户退出客户端主动断开连接
04:21:55.71     1玩家下线了
04:22:15.48     用户请求登录消息到达
04:22:15.48     username = lin10001请求登录验证成功
04:22:15.53     1获取用户信息
04:23:02.01     用户退出客户端主动断开连接
04:23:02.01     1玩家下线了
08:47:49.17     用户请求快速注册消息到达
08:47:49.17     ip = 127.0.0.1:50839请求快速注册
08:47:49.17     快速注册成功:账号=lin10001 昵称=游10001
08:47:49.25     1获取用户信息
08:49:33.03     用户退出客户端主动断开连接
08:49:33.03     1玩家下线了
08:49:48.31     用户请求快速注册消息到达
08:49:48.31     ip = 127.0.0.1:51112请求快速注册
08:49:48.31     快速注册成功:账号=lin10002 昵称=游10002
08:49:48.38     2获取用户信息
08:50:09.59     用户退出客户端主动断开连接
08:50:09.59     2玩家下线了
08:50:24.08     用户请求快速注册消息到达
08:50:24.08     ip = 127.0.0.1:51194请求快速注册
08:50:24.08     快速注册成功:账号=lin10003 昵称=游10003
08:50:24.14     3获取用户信息
08:51:11.45     用户退出客户端主动断开连接
08:51:11.45     3玩家下线了
08:51:31.08     用户请求快速注册消息到达
08:51:31.08     ip = 127.0.0.1:51335请求快速注册
08:51:31.08     快速注册成功:账号=lin10004 昵称=游10004
08:51:37.76     4获取用户信息
08:52:52.95     用户退出客户端主动断开连接
08:52:52.95     4玩家下线了
08:53:07.73     用户请求快速注册消息到达
08:53:07.73     ip = 127.0.0.1:51558请求快速注册
08:53:07.73     快速注册成功:账号=lin10005 昵称=游10005
08:53:07.80     5获取用户信息
08:53:36.40     用户退出客户端主动断开连接
08:53:36.40     5玩家下线了
08:53:51.51     用户请求快速注册消息到达
08:53:51.51     ip = 127.0.0.1:51654请求快速注册
08:53:51.51     快速注册成功:账号=lin10006 昵称=游10006
08:53:51.58     6获取用户信息
