02:13:20.74     用户请求快速注册消息到达
02:13:20.74     ip = 127.0.0.1:58660请求快速注册
02:13:20.74     快速注册成功:账号=lin10001 昵称=游10001
02:13:20.82     1获取用户信息
02:13:22.72     用户请求快速注册消息到达
02:13:22.72     ip = 127.0.0.1:58666请求快速注册
02:13:22.72     快速注册成功:账号=lin10002 昵称=游10002
02:13:22.77     2获取用户信息
02:13:25.91     1请求创建匹配成功,队列号409736
02:13:25.92     1请求开始匹配成功，创建一个匹配队列
02:13:28.29     2请求加入匹配成功,队列号409736
02:13:28.29     409736队列当前匹配成功
02:13:28.30     2请求开始匹配成功，创建一个匹配队列
02:13:30.31     409736房间初始化成功
02:13:30.31     409736房间_1_2_创建成功
02:13:33.37     2玩家准备成功
02:13:33.39     1玩家准备成功
02:13:33.39     409736房间全部准备，游戏即将开始
02:13:33.39     409736房间赢三张游戏开始
02:13:33.39     玩家手牌1:V10C4V2C3V1C2
02:13:33.39     玩家手牌2:V3C1V11C4V1C1
02:15:33.77     用户退出客户端主动断开连接
02:15:33.77     1请求离开匹配成功，匹配队列409736
02:15:33.77     1玩家下线了
02:15:35.85     用户退出客户端主动断开连接
02:15:35.85     2请求离开匹配成功，移除匹配队列409736
02:15:35.85     2玩家下线了
02:16:09.46     用户请求快速注册消息到达
02:16:09.46     ip = 127.0.0.1:59047请求快速注册
02:16:09.46     快速注册成功:账号=lin10003 昵称=游10003
02:16:09.54     3获取用户信息
02:16:12.98     3请求创建匹配成功,队列号495992
02:16:12.98     3请求开始匹配成功，创建一个匹配队列
02:16:18.45     用户请求快速注册消息到达
02:16:18.45     ip = 127.0.0.1:59072请求快速注册
02:16:18.45     快速注册成功:账号=lin10004 昵称=游10004
02:16:18.49     4获取用户信息
02:16:21.91     4请求加入匹配成功,队列号495992
02:16:21.91     495992队列当前匹配成功
02:16:21.91     4请求开始匹配成功，创建一个匹配队列
02:16:23.93     495992房间初始化成功
02:16:23.93     495992房间_3_4_创建成功
02:16:27.00     4玩家准备成功
02:16:27.07     3玩家准备成功
02:16:27.07     495992房间全部准备，游戏即将开始
02:16:27.07     495992房间赢三张游戏开始
02:16:27.07     玩家手牌3:V1C3V9C2V11C3
02:16:27.07     玩家手牌4:V12C4V7C3V4C2
02:17:47.29     用户退出客户端主动断开连接
02:17:47.29     4请求离开匹配成功，匹配队列495992
02:17:47.29     4玩家下线了
02:17:50.14     用户退出客户端主动断开连接
02:17:50.14     3请求离开匹配成功，移除匹配队列495992
02:17:50.14     3玩家下线了
02:18:24.92     用户请求快速注册消息到达
02:18:24.92     ip = 127.0.0.1:59351请求快速注册
02:18:24.92     快速注册成功:账号=lin10005 昵称=游10005
02:18:24.99     5获取用户信息
02:18:27.85     用户请求快速注册消息到达
02:18:27.85     ip = 127.0.0.1:59346请求快速注册
02:18:27.85     快速注册成功:账号=lin10006 昵称=游10006
02:18:27.91     6获取用户信息
02:18:30.97     6请求创建匹配成功,队列号628814
02:18:30.97     6请求开始匹配成功，创建一个匹配队列
02:18:33.04     5请求加入匹配成功,队列号628814
02:18:33.04     628814队列当前匹配成功
02:18:33.04     5请求开始匹配成功，创建一个匹配队列
02:18:35.06     628814房间初始化成功
02:18:35.06     628814房间_6_5_创建成功
02:18:38.14     6玩家准备成功
02:18:38.15     5玩家准备成功
02:18:38.15     628814房间全部准备，游戏即将开始
02:18:38.15     628814房间赢三张游戏开始
02:18:38.15     玩家手牌6:V11C3V9C4V10C4
02:18:38.15     玩家手牌5:V2C2V10C2V11C4
02:19:01.86     用户退出客户端主动断开连接
02:19:01.86     5请求离开匹配成功，匹配队列628814
02:19:01.86     5玩家下线了
