01:24:21.25     用户请求登录消息到达
01:25:05.23     用户退出客户端主动断开连接
01:25:27.15     用户请求登录消息到达
01:25:33.31     用户请求登录消息到达
01:25:37.55     用户请求登录消息到达
01:25:43.14     用户请求登录消息到达
01:26:30.78     用户退出客户端主动断开连接
01:26:50.90     用户请求登录消息到达
01:26:54.83     用户请求登录消息到达
01:26:55.29     用户请求登录消息到达
01:26:55.82     用户请求登录消息到达
01:26:56.30     用户请求登录消息到达
01:26:56.72     用户请求登录消息到达
01:26:57.17     用户请求登录消息到达
01:26:58.15     用户请求登录消息到达
01:26:58.42     用户请求登录消息到达
01:26:58.71     用户请求登录消息到达
01:26:59.13     用户请求登录消息到达
01:26:59.52     用户请求登录消息到达
01:26:59.84     用户请求登录消息到达
01:27:00.05     用户请求登录消息到达
01:27:40.47     用户退出客户端主动断开连接
01:31:20.73     用户请求登录消息到达
01:31:22.08     用户请求登录消息到达
01:31:22.66     用户请求登录消息到达
01:31:23.15     用户请求登录消息到达
01:31:23.66     用户请求登录消息到达
01:31:24.15     用户请求登录消息到达
01:31:24.32     用户请求登录消息到达
01:31:25.00     用户请求登录消息到达
01:31:25.17     用户请求登录消息到达
01:31:25.37     用户请求登录消息到达
01:31:25.71     用户请求登录消息到达
01:31:26.11     用户请求登录消息到达
01:31:27.56     用户请求登录消息到达
01:31:27.90     用户请求登录消息到达
01:31:28.15     用户请求登录消息到达
01:31:28.34     用户请求登录消息到达
01:31:28.52     用户请求登录消息到达
01:31:28.73     用户请求登录消息到达
01:31:28.90     用户请求登录消息到达
01:31:29.07     用户请求登录消息到达
01:31:29.27     用户请求登录消息到达
01:31:29.46     用户请求登录消息到达
01:31:29.63     用户请求登录消息到达
01:31:29.82     用户请求登录消息到达
01:31:30.07     用户请求登录消息到达
01:33:14.17     用户退出客户端主动断开连接
01:33:32.57     用户请求登录消息到达
01:33:32.97     用户请求登录消息到达
01:33:33.16     用户请求登录消息到达
01:33:33.33     用户请求登录消息到达
01:33:33.79     用户请求登录消息到达
01:33:34.02     用户请求登录消息到达
01:33:34.34     用户请求登录消息到达
01:34:13.42     用户退出客户端主动断开连接
01:34:31.04     用户请求登录消息到达
01:47:17.00     用户请求登录消息到达
01:47:17.62     用户请求登录消息到达
01:47:17.81     用户请求登录消息到达
01:47:17.98     用户请求登录消息到达
01:47:18.15     用户请求登录消息到达
01:47:55.96     用户退出客户端主动断开连接
11:18:04.55     用户请求登录消息到达
11:18:07.68     用户请求登录消息到达
11:18:08.13     用户请求登录消息到达
11:18:08.76     用户请求登录消息到达
11:18:09.74     用户请求登录消息到达
11:18:10.68     用户请求登录消息到达
11:18:11.07     用户请求登录消息到达
11:18:11.82     用户请求登录消息到达
11:18:14.76     用户请求登录消息到达
11:18:14.93     用户请求登录消息到达
11:18:15.10     用户请求登录消息到达
11:18:15.29     用户请求登录消息到达
11:18:15.47     用户请求登录消息到达
11:18:15.65     用户请求登录消息到达
11:18:15.80     用户请求登录消息到达
11:18:15.99     用户请求登录消息到达
11:18:16.15     用户请求登录消息到达
11:18:16.32     用户请求登录消息到达
11:18:16.50     用户请求登录消息到达
11:18:16.68     用户请求登录消息到达
11:18:16.88     用户请求登录消息到达
11:18:17.06     用户请求登录消息到达
11:18:17.64     用户请求登录消息到达
11:18:17.89     用户请求登录消息到达
11:18:18.11     用户请求登录消息到达
11:18:18.31     用户请求登录消息到达
11:18:18.48     用户请求登录消息到达
11:18:18.85     用户请求登录消息到达
11:18:19.03     用户请求登录消息到达
11:18:19.22     用户请求登录消息到达
11:18:19.40     用户请求登录消息到达
11:18:19.57     用户请求登录消息到达
11:18:19.79     用户请求登录消息到达
11:18:19.94     用户请求登录消息到达
11:18:20.15     用户请求登录消息到达
11:18:20.33     用户请求登录消息到达
11:18:20.54     用户请求登录消息到达
11:18:20.73     用户请求登录消息到达
11:18:20.93     用户请求登录消息到达
11:18:21.14     用户请求登录消息到达
11:18:21.32     用户请求登录消息到达
11:18:21.51     用户请求登录消息到达
11:18:21.69     用户请求登录消息到达
11:18:21.87     用户请求登录消息到达
11:18:22.04     用户请求登录消息到达
11:18:22.20     用户请求登录消息到达
11:18:22.40     用户请求登录消息到达
11:18:22.57     用户请求登录消息到达
11:18:22.75     用户请求登录消息到达
11:18:22.92     用户请求登录消息到达
11:18:23.09     用户请求登录消息到达
11:25:16.11     用户请求登录消息到达
11:25:16.63     用户请求登录消息到达
11:25:16.99     用户请求登录消息到达
11:25:17.20     用户请求登录消息到达
11:25:17.37     用户请求登录消息到达
11:25:17.57     用户请求登录消息到达
11:25:17.75     用户请求登录消息到达
11:25:17.93     用户请求登录消息到达
11:25:18.09     用户请求登录消息到达
11:25:18.29     用户请求登录消息到达
11:25:18.48     用户请求登录消息到达
11:25:19.05     用户请求登录消息到达
11:25:19.25     用户请求登录消息到达
11:25:19.43     用户请求登录消息到达
11:25:19.61     用户请求登录消息到达
11:25:19.80     用户请求登录消息到达
11:25:20.16     用户请求登录消息到达
11:25:20.35     用户请求登录消息到达
11:25:20.51     用户请求登录消息到达
11:25:20.73     用户请求登录消息到达
11:25:20.88     用户请求登录消息到达
11:25:21.05     用户请求登录消息到达
11:25:21.23     用户请求登录消息到达
11:25:21.39     用户请求登录消息到达
11:25:21.57     用户请求登录消息到达
11:25:21.75     用户请求登录消息到达
11:25:21.95     用户请求登录消息到达
11:25:22.11     用户请求登录消息到达
11:25:22.27     用户请求登录消息到达
11:25:22.46     用户请求登录消息到达
11:25:22.65     用户请求登录消息到达
11:25:22.81     用户请求登录消息到达
11:25:22.98     用户请求登录消息到达
11:25:23.16     用户请求登录消息到达
11:25:23.34     用户请求登录消息到达
11:25:23.54     用户请求登录消息到达
11:26:00.08     用户退出客户端主动断开连接
11:26:30.85     用户请求登录消息到达
11:26:31.26     用户请求登录消息到达
11:26:31.46     用户请求登录消息到达
11:26:31.84     用户请求登录消息到达
11:26:32.20     用户请求登录消息到达
11:26:33.38     用户请求登录消息到达
11:26:34.02     用户请求登录消息到达
11:26:34.56     用户请求登录消息到达
11:26:35.66     用户请求登录消息到达
11:26:35.99     用户请求登录消息到达
11:26:37.06     用户请求登录消息到达
11:26:37.55     用户请求登录消息到达
11:26:37.92     用户请求登录消息到达
11:26:38.67     用户请求登录消息到达
11:26:39.20     用户请求登录消息到达
11:26:39.54     用户请求登录消息到达
11:26:40.47     用户请求登录消息到达
11:26:41.12     用户请求登录消息到达
11:26:41.40     用户请求登录消息到达
11:26:41.94     用户请求登录消息到达
11:26:42.57     用户请求登录消息到达
11:30:10.91     用户退出客户端主动断开连接
11:34:14.40     用户请求快速注册消息到达
11:34:14.40     ip = 127.0.0.1:53346请求快速注册
11:34:14.40     快速注册成功:账号=lin10001 昵称=游10001
11:35:17.47     用户退出客户端主动断开连接
11:35:17.47     1玩家下线了
11:35:33.32     用户请求快速注册消息到达
11:35:33.32     ip = 127.0.0.1:53442请求快速注册
11:35:33.32     快速注册成功:账号=lin10002 昵称=游10002
11:36:20.75     用户请求登录消息到达
11:36:42.99     用户请求登录消息到达
11:36:46.02     用户请求登录消息到达
11:36:46.42     用户请求登录消息到达
11:36:46.61     用户请求登录消息到达
11:36:46.81     用户请求登录消息到达
11:36:47.00     用户请求登录消息到达
11:36:47.20     用户请求登录消息到达
11:36:47.71     用户请求登录消息到达
11:36:47.90     用户请求登录消息到达
11:36:48.09     用户请求登录消息到达
11:36:48.44     用户请求登录消息到达
11:36:48.65     用户请求登录消息到达
11:36:48.83     用户请求登录消息到达
11:36:49.01     用户请求登录消息到达
11:36:49.19     用户请求登录消息到达
11:36:49.36     用户请求登录消息到达
11:36:49.55     用户请求登录消息到达
11:36:49.71     用户请求登录消息到达
11:36:49.91     用户请求登录消息到达
11:36:50.13     用户请求登录消息到达
11:36:50.27     用户请求登录消息到达
11:36:50.46     用户请求登录消息到达
11:36:50.65     用户请求登录消息到达
11:36:50.82     用户请求登录消息到达
11:36:51.00     用户请求登录消息到达
11:36:51.18     用户请求登录消息到达
11:36:51.38     用户请求登录消息到达
11:36:51.58     用户请求登录消息到达
11:36:51.77     用户请求登录消息到达
11:36:51.94     用户请求登录消息到达
11:36:52.12     用户请求登录消息到达
11:36:52.30     用户请求登录消息到达
11:36:52.46     用户请求登录消息到达
