01:38:26.27     用户请求快速注册消息到达
01:38:26.27     ip = 127.0.0.1:64368请求快速注册
01:38:26.27     快速注册成功:账号=lin10001 昵称=游10001
01:38:26.35     1获取用户信息
01:38:29.70     1请求创建匹配成功,队列号418502
01:38:29.71     1请求开始匹配成功，创建一个匹配队列
01:38:33.74     1请求离开匹配成功，移除匹配队列418502
01:38:39.08     1请求创建匹配成功,队列号768775
01:38:39.08     1请求开始匹配成功，创建一个匹配队列
01:38:43.26     用户请求快速注册消息到达
01:38:43.26     ip = 127.0.0.1:64394请求快速注册
01:38:43.26     快速注册成功:账号=lin10002 昵称=游10002
01:38:43.32     2获取用户信息
01:38:46.65     2请求加入匹配成功,队列号768775
01:38:46.65     768775队列当前匹配成功
01:38:46.65     2请求开始匹配成功，创建一个匹配队列
01:38:48.67     768775房间初始化成功
01:38:48.67     768775房间_1_2_创建成功
01:38:51.74     2玩家准备成功
01:38:51.76     1玩家准备成功
01:38:51.76     768775房间全部准备，游戏即将开始
01:38:51.76     768775房间赢三张游戏开始
01:38:51.77     玩家手牌1:V11C2V2C4V6C1
01:38:51.77     玩家手牌2:V6C3V3C2V7C1
请求下注-1
01:38:59.40     2请求错误，当前不是此玩家
请求下注-1
01:39:00.09     2请求错误，当前不是此玩家
请求下注-1
01:39:17.60     1下注1房间号768775是否看牌False
请求下注-1
01:39:20.02     1请求错误，当前不是此玩家
请求下注-1
01:39:21.15     1请求错误，当前不是此玩家
请求下注-1
01:39:23.28     2下注1房间号768775是否看牌False
请求下注-1
01:39:24.79     1下注1房间号768775是否看牌False
请求下注2
01:39:29.31     2下注2房间号768775是否看牌False
请求下注-1
01:39:33.50     1下注2房间号768775是否看牌False
请求下注-1
01:39:37.00     2下注2房间号768775是否看牌False
请求下注40
01:39:48.69     1请求下注失败，当前最大可下注金额为20
请求下注40
01:39:51.83     1请求下注失败，当前最大可下注金额为20
请求下注40
01:39:54.74     1请求下注失败，当前最大可下注金额为20
请求下注1
01:39:56.77     1请求下注失败，当前可下注金额最小为2
请求下注1
01:39:58.00     1请求下注失败，当前可下注金额最小为2
请求下注1
01:39:58.19     1请求下注失败，当前可下注金额最小为2
请求下注1
01:39:58.39     1请求下注失败，当前可下注金额最小为2
请求下注1
01:39:58.57     1请求下注失败，当前可下注金额最小为2
请求下注20
01:40:14.71     1下注20房间号768775是否看牌False
请求下注2
01:40:18.88     2请求下注失败，当前可下注金额最小为20
请求下注1
01:40:19.73     2请求下注失败，当前可下注金额最小为20
请求下注1
01:40:19.91     2请求下注失败，当前可下注金额最小为20
请求下注1
01:40:20.06     2请求下注失败，当前可下注金额最小为20
请求下注1
01:40:20.19     2请求下注失败，当前可下注金额最小为20
请求下注40
01:40:21.20     2请求下注失败，当前最大可下注金额为20
请求下注40
01:40:21.40     2请求下注失败，当前最大可下注金额为20
请求下注40
01:40:21.55     2请求下注失败，当前最大可下注金额为20
请求下注40
01:40:21.72     2请求下注失败，当前最大可下注金额为20
请求下注40
01:40:21.88     2请求下注失败，当前最大可下注金额为20
请求下注20
01:40:22.60     2下注20房间号768775是否看牌False
请求下注-1
01:40:23.77     2请求错误，当前不是此玩家
请求下注20
01:40:25.86     2请求错误，当前不是此玩家
请求下注20
01:40:26.79     2请求错误，当前不是此玩家
01:40:35.59     用户退出客户端主动断开连接
01:40:35.59     2请求离开匹配成功，匹配队列768775
01:40:35.59     2玩家下线了
01:46:29.01     用户请求快速注册消息到达
01:46:29.02     ip = 127.0.0.1:65461请求快速注册
01:46:29.02     快速注册成功:账号=lin10001 昵称=游10001
01:46:29.09     1获取用户信息
01:46:32.48     1请求创建匹配成功,队列号109044
01:46:32.48     1请求开始匹配成功，创建一个匹配队列
01:46:36.71     用户请求快速注册消息到达
01:46:36.71     ip = 127.0.0.1:65478请求快速注册
01:46:36.71     快速注册成功:账号=lin10002 昵称=游10002
01:46:36.76     2获取用户信息
01:46:39.74     2请求加入匹配成功,队列号109044
01:46:39.74     109044队列当前匹配成功
01:46:39.74     2请求开始匹配成功，创建一个匹配队列
01:46:41.76     109044房间初始化成功
01:46:41.76     109044房间_1_2_创建成功
01:46:44.81     2玩家准备成功
01:46:44.85     1玩家准备成功
01:46:44.85     109044房间全部准备，游戏即将开始
01:46:44.85     109044房间赢三张游戏开始
01:46:44.85     玩家手牌1:V10C3V13C3V4C2
01:46:44.85     玩家手牌2:V5C3V2C4V9C4
请求下注-1
01:46:51.14     1下注1房间号109044是否看牌False
请求下注2
01:46:53.88     2下注2房间号109044是否看牌False
请求下注-1
01:46:57.38     1下注2房间号109044是否看牌False
请求下注2
01:47:04.16     2下注2房间号109044是否看牌False
请求下注5
01:47:10.02     1下注5房间号109044是否看牌False
请求下注5
01:47:15.38     2下注5房间号109044是否看牌False
请求下注20
01:47:18.57     1下注20房间号109044是否看牌False
请求下注40
01:47:21.54     2请求下注失败，当前最大可下注金额为20
请求下注20
01:47:24.28     2下注20房间号109044是否看牌False
01:47:34.43     用户退出客户端主动断开连接
01:47:34.43     2请求离开匹配成功，匹配队列109044
01:47:34.43     2玩家下线了
