03:50:52.40     用户请求快速注册消息到达
03:50:52.40     ip = 127.0.0.1:59300请求快速注册
03:50:52.40     快速注册成功:账号=lin10001 昵称=游10001
03:50:52.46     1获取用户信息
03:50:52.90     用户请求快速注册消息到达
03:50:52.90     ip = 127.0.0.1:59291请求快速注册
03:50:52.90     快速注册成功:账号=lin10002 昵称=游10002
03:50:52.97     2获取用户信息
03:50:55.76     1请求创建匹配成功,队列号730311
03:50:55.77     1请求开始匹配成功，创建一个匹配队列
03:50:56.60     2请求加入匹配成功,队列号730311
03:50:56.60     730311队列当前匹配成功
03:50:56.60     2请求开始匹配成功，创建一个匹配队列
03:50:58.62     730311房间初始化成功
03:50:58.62     730311房间_1_2_创建成功
03:51:01.71     2玩家准备成功
03:51:01.74     1玩家准备成功
03:51:01.74     730311房间全部准备，游戏即将开始
03:51:01.74     730311房间赢三张游戏开始
03:51:01.74     玩家手牌1:V12C3V10C1V7C1
03:51:01.74     玩家手牌2:V2C4V1C4V10C4
03:51:04.17     2请求看牌成功730311
请求下注5
03:51:09.24     2请求错误，当前不是此玩家
请求下注5
03:51:10.22     2请求错误，当前不是此玩家
请求下注5
03:51:10.85     2请求错误，当前不是此玩家
请求下注5
03:51:11.05     2请求错误，当前不是此玩家
请求下注5
03:51:13.39     1下注5房间号730311是否看牌False
请求下注-1
03:51:14.89     2下注10房间号730311是否看牌True
03:51:39.50     2请求错误，当前不是此玩家
03:51:54.15     1请求和2比牌，比牌结果False
03:51:54.15     730311房间赢三张游戏结束
03:52:21.93     1请求看牌失败，没有此玩家
03:52:30.28     用户退出客户端主动断开连接
03:52:30.28     1请求离开匹配成功，匹配队列730311
03:52:30.28     1玩家下线了
03:52:31.93     用户退出客户端主动断开连接
03:52:31.93     2请求离开匹配成功，移除匹配队列730311
03:52:31.93     2玩家下线了
03:54:51.01     用户请求快速注册消息到达
03:54:51.01     ip = 127.0.0.1:59587请求快速注册
03:54:51.02     快速注册成功:账号=lin10001 昵称=游10001
03:54:51.09     1获取用户信息
03:54:54.49     1请求创建匹配成功,队列号796344
03:54:54.49     1请求开始匹配成功，创建一个匹配队列
03:54:55.88     用户请求快速注册消息到达
03:54:55.88     ip = 127.0.0.1:59596请求快速注册
03:54:55.88     快速注册成功:账号=lin10002 昵称=游10002
03:54:55.93     2获取用户信息
03:54:58.92     2请求加入匹配成功,队列号796344
03:54:58.92     796344队列当前匹配成功
03:54:58.93     2请求开始匹配成功，创建一个匹配队列
03:55:00.94     796344房间初始化成功
03:55:00.94     796344房间_1_2_创建成功
03:55:03.99     2玩家准备成功
03:55:04.00     1玩家准备成功
03:55:04.00     796344房间全部准备，游戏即将开始
03:55:04.00     796344房间赢三张游戏开始
03:55:04.00     玩家手牌1:V10C2V9C1V5C1
03:55:04.00     玩家手牌2:V1C2V1C4V1C3
03:55:07.15     2请求看牌成功796344
请求下注10
03:55:08.52     2请求错误，当前不是此玩家
请求下注10
03:55:09.20     2请求错误，当前不是此玩家
请求下注5
03:55:09.75     2请求错误，当前不是此玩家
03:55:13.88     1请求看牌成功796344
请求下注5
03:55:16.76     1下注5房间号796344是否看牌True
请求下注10
03:55:19.22     2下注10房间号796344是否看牌True
请求下注-1
03:55:21.87     1下注5房间号796344是否看牌True
请求下注-1
03:55:22.82     2下注5房间号796344是否看牌True
03:55:37.15     1请求和2比牌，比牌结果False
03:55:37.16     796344房间赢三张游戏结束
03:55:51.50     用户退出客户端主动断开连接
03:55:51.51     1请求离开匹配成功，匹配队列796344
03:55:51.51     1玩家下线了
03:55:52.71     用户退出客户端主动断开连接
03:55:52.71     2请求离开匹配成功，移除匹配队列796344
03:55:52.71     2玩家下线了
03:56:18.05     用户请求快速注册消息到达
03:56:18.05     ip = 127.0.0.1:59698请求快速注册
03:56:18.05     快速注册成功:账号=lin10003 昵称=游10003
03:56:18.12     3获取用户信息
03:56:19.57     用户请求快速注册消息到达
03:56:19.57     ip = 127.0.0.1:59703请求快速注册
03:56:19.57     快速注册成功:账号=lin10004 昵称=游10004
03:56:19.62     4获取用户信息
03:56:21.25     3请求创建匹配成功,队列号406690
03:56:21.25     3请求开始匹配成功，创建一个匹配队列
03:56:22.65     4请求加入匹配成功,队列号406690
03:56:22.65     406690队列当前匹配成功
03:56:22.65     4请求开始匹配成功，创建一个匹配队列
03:56:24.68     406690房间初始化成功
03:56:24.68     406690房间_3_4_创建成功
03:56:27.73     3玩家准备成功
03:56:27.74     4玩家准备成功
03:56:27.74     406690房间全部准备，游戏即将开始
03:56:27.74     406690房间赢三张游戏开始
03:56:27.74     玩家手牌3:V6C2V10C4V3C1
03:56:27.74     玩家手牌4:V7C3V9C3V7C2
03:56:30.10     4请求看牌成功406690
03:56:31.17     3请求看牌成功406690
请求下注-1
03:56:36.58     3下注2房间号406690是否看牌True
03:56:40.92     4请求和3比牌，比牌结果True
03:56:40.92     406690房间赢三张游戏结束
03:57:37.95     用户退出客户端主动断开连接
03:57:37.95     4请求离开匹配成功，匹配队列406690
03:57:37.95     4玩家下线了
03:57:38.81     用户退出客户端主动断开连接
03:57:38.81     3请求离开匹配成功，移除匹配队列406690
03:57:38.81     3玩家下线了
04:04:37.18     用户请求快速注册消息到达
04:04:37.18     ip = 127.0.0.1:60317请求快速注册
04:04:37.19     快速注册成功:账号=lin10001 昵称=游10001
04:04:37.24     1获取用户信息
04:04:40.77     1请求创建匹配成功,队列号919816
04:04:40.77     1请求开始匹配成功，创建一个匹配队列
04:04:45.15     用户请求快速注册消息到达
04:04:45.15     ip = 127.0.0.1:60326请求快速注册
04:04:45.15     快速注册成功:账号=lin10002 昵称=游10002
04:04:45.21     2获取用户信息
04:04:47.87     用户请求快速注册消息到达
04:04:47.87     ip = 127.0.0.1:60339请求快速注册
04:04:47.87     快速注册成功:账号=lin10003 昵称=游10003
04:04:47.94     3获取用户信息
04:04:48.65     2请求加入匹配成功,队列号919816
04:04:48.65     2请求开始匹配成功，创建一个匹配队列
04:04:54.86     3请求加入匹配成功,队列号919816
04:04:54.86     919816队列当前匹配成功
04:04:54.87     3请求开始匹配成功，创建一个匹配队列
04:04:56.90     919816房间初始化成功
04:04:56.90     919816房间_1_2_3_创建成功
04:04:59.93     2玩家准备成功
04:04:59.93     1玩家准备成功
04:04:59.98     3玩家准备成功
04:04:59.98     919816房间全部准备，游戏即将开始
04:04:59.98     919816房间赢三张游戏开始
04:04:59.98     玩家手牌1:V6C4V7C4V12C4
04:04:59.98     玩家手牌2:V6C1V5C1V11C4
04:04:59.98     玩家手牌3:V8C4V13C1V12C2
请求下注-1
04:05:08.45     1下注1房间号919816是否看牌False
请求下注-1
04:05:12.05     2下注1房间号919816是否看牌False
04:05:13.55     3请求看牌成功919816
请求下注-1
04:05:17.98     3下注2房间号919816是否看牌True
请求下注5
04:05:20.22     1下注5房间号919816是否看牌False
请求下注-1
04:05:21.46     1请求错误，当前不是此玩家
请求下注-1
04:05:26.30     2下注5房间号919816是否看牌False
请求下注-1
04:05:28.29     3下注10房间号919816是否看牌True
04:05:32.28     1请求看牌成功919816
04:05:42.64     1请求和3比牌，比牌结果True
请求下注-1
04:05:58.47     1下注10房间号919816是否看牌True
04:06:06.17     2请求看牌成功919816
04:06:16.35     2请求错误，没有此玩家
04:06:16.85     2请求错误，没有此玩家
04:06:17.02     2请求错误，没有此玩家
04:06:22.01     2请求和1比牌，比牌结果False
04:06:22.01     919816房间赢三张游戏结束
04:06:37.09     用户退出客户端主动断开连接
04:06:37.09     1请求离开匹配成功，匹配队列919816
04:06:37.09     1玩家下线了
04:06:38.12     用户退出客户端主动断开连接
04:06:38.12     2请求离开匹配成功，匹配队列919816
04:06:38.12     2玩家下线了
04:06:51.34     用户退出客户端主动断开连接
04:06:51.34     3请求离开匹配成功，移除匹配队列919816
04:06:51.34     3玩家下线了
