10:53:20.74     用户请求快速注册消息到达
10:53:20.74     ip = 127.0.0.1:51323请求快速注册
10:53:20.74     快速注册成功:账号=lin10001 昵称=游10001
10:53:20.80     1获取用户信息
10:58:39.90     用户请求快速注册消息到达
10:58:39.90     ip = 127.0.0.1:52024请求快速注册
10:58:39.90     快速注册成功:账号=lin10001 昵称=游10001
10:58:39.97     1获取用户信息
11:01:15.26     用户请求快速注册消息到达
11:01:15.26     ip = 127.0.0.1:52348请求快速注册
11:01:15.27     快速注册成功:账号=lin10001 昵称=游10001
11:01:15.34     1获取用户信息
11:07:13.76     用户请求快速注册消息到达
11:07:13.76     ip = 127.0.0.1:53097请求快速注册
11:07:13.76     快速注册成功:账号=lin10001 昵称=游10001
11:07:13.85     1获取用户信息
11:07:20.17     1请求创建匹配成功,队列号575202
11:07:20.17     1请求开始匹配成功，创建一个匹配队列
11:13:37.93     用户请求快速注册消息到达
11:13:37.93     ip = 127.0.0.1:53928请求快速注册
11:13:37.93     快速注册成功:账号=lin10001 昵称=游10001
11:13:38.00     1获取用户信息
11:13:44.03     1请求创建匹配成功,队列号740538
11:13:44.03     1请求开始匹配成功，创建一个匹配队列
11:13:48.80     1请求离开匹配成功，移除匹配队列740538
11:15:49.31     用户请求快速注册消息到达
11:15:49.31     ip = 127.0.0.1:54212请求快速注册
11:15:49.32     快速注册成功:账号=lin10001 昵称=游10001
11:15:49.38     1获取用户信息
11:15:55.13     1请求创建匹配成功,队列号187294
11:15:55.13     1请求开始匹配成功，创建一个匹配队列
11:16:03.60     用户请求快速注册消息到达
11:16:03.60     ip = 127.0.0.1:54188请求快速注册
11:16:03.60     快速注册成功:账号=lin10002 昵称=游10002
11:16:03.66     2获取用户信息
11:16:10.64     2请求加入匹配成功,队列号187294
11:16:10.64     187294队列当前匹配成功
11:16:10.64     2请求开始匹配成功，创建一个匹配队列
