01:27:20.19     用户请求快速注册消息到达
01:27:20.19     ip = 127.0.0.1:59718请求快速注册
01:27:20.20     快速注册成功:账号=lin10001 昵称=游10001
01:27:20.26     1获取用户信息
01:27:25.36     1请求创建匹配成功,队列号656668
01:27:25.36     1请求开始匹配成功，创建一个匹配队列
01:27:33.03     用户请求快速注册消息到达
01:27:33.03     ip = 127.0.0.1:59750请求快速注册
01:27:33.03     快速注册成功:账号=lin10002 昵称=游10002
01:27:33.09     2获取用户信息
01:27:36.54     2请求加入匹配成功,队列号656668
01:27:36.54     656668队列当前匹配成功
01:27:36.56     2请求开始匹配成功，创建一个匹配队列
01:27:38.58     656668房间初始化成功
01:27:38.58     656668房间_1_2_创建成功
01:27:41.63     1玩家准备成功
01:27:41.70     2玩家准备成功
01:27:41.70     656668房间全部准备，游戏即将开始
01:27:41.70     656668房间赢三张游戏开始
01:27:41.70     玩家手牌1:V8C1V5C1V8C2
01:27:41.70     玩家手牌2:V6C4V2C2V11C3
01:31:51.38     用户退出客户端主动断开连接
01:31:51.39     2请求离开匹配成功，匹配队列656668
01:31:51.39     2玩家下线了
01:31:53.30     用户退出客户端主动断开连接
01:31:53.30     1请求离开匹配成功，移除匹配队列656668
01:31:53.30     1玩家下线了
01:32:26.10     用户请求快速注册消息到达
01:32:26.10     ip = 127.0.0.1:60360请求快速注册
01:32:26.11     快速注册成功:账号=lin10001 昵称=游10001
01:32:26.16     1获取用户信息
01:32:30.91     1请求创建匹配成功,队列号501559
01:32:30.92     1请求开始匹配成功，创建一个匹配队列
01:32:33.78     用户请求快速注册消息到达
01:32:33.78     ip = 127.0.0.1:60378请求快速注册
01:32:33.78     快速注册成功:账号=lin10002 昵称=游10002
01:32:33.82     2获取用户信息
01:32:37.08     2请求加入匹配成功,队列号501559
01:32:37.08     501559队列当前匹配成功
01:32:37.08     2请求开始匹配成功，创建一个匹配队列
01:32:39.09     501559房间初始化成功
01:32:39.09     501559房间_1_2_创建成功
01:32:42.16     2玩家准备成功
01:32:42.18     1玩家准备成功
01:32:42.18     501559房间全部准备，游戏即将开始
01:32:42.18     501559房间赢三张游戏开始
01:32:42.18     玩家手牌1:V8C2V12C3V8C4
01:32:42.18     玩家手牌2:V4C1V2C2V7C2
01:33:32.38     用户退出客户端主动断开连接
01:33:32.38     2请求离开匹配成功，匹配队列501559
01:33:32.38     2玩家下线了
01:34:58.59     用户退出客户端主动断开连接
01:34:58.59     1请求离开匹配成功，移除匹配队列501559
01:34:58.59     1玩家下线了
