02:58:15.78     用户请求快速注册消息到达
02:58:15.78     ip = 127.0.0.1:54246请求快速注册
02:58:15.79     快速注册成功:账号=lin10001 昵称=游10001
02:58:15.86     1获取用户信息
02:58:16.79     用户请求快速注册消息到达
02:58:16.79     ip = 127.0.0.1:54224请求快速注册
02:58:16.79     快速注册成功:账号=lin10002 昵称=游10002
02:58:16.86     2获取用户信息
02:58:20.09     2请求创建匹配成功,队列号530473
02:58:20.09     2请求开始匹配成功，创建一个匹配队列
02:58:21.58     1请求加入匹配成功,队列号530473
02:58:21.58     530473队列当前匹配成功
02:58:21.60     1请求开始匹配成功，创建一个匹配队列
02:58:23.62     530473房间初始化成功
02:58:23.62     530473房间_2_1_创建成功
02:58:26.71     2玩家准备成功
02:58:26.72     1玩家准备成功
02:58:26.72     530473房间全部准备，游戏即将开始
02:58:26.72     530473房间赢三张游戏开始
02:58:26.72     玩家手牌2:V8C2V7C3V1C4
02:58:26.72     玩家手牌1:V12C2V1C2V6C3
请求下注10
02:58:31.51     2下注10房间号530473是否看牌False
请求下注-1
02:58:33.80     1下注10房间号530473是否看牌False
请求下注-1
02:58:37.88     1请求错误，当前不是此玩家
请求下注-1
02:58:38.86     1请求错误，当前不是此玩家
请求下注-1
02:58:39.46     1请求错误，当前不是此玩家
请求下注-1
02:58:40.17     2下注10房间号530473是否看牌False
请求下注-1
02:58:42.76     1下注10房间号530473是否看牌False
02:58:50.12     2请求看牌成功530473
02:59:24.64     1请求看牌成功530473
02:59:34.39     用户退出客户端主动断开连接
02:59:34.39     1请求离开匹配成功，匹配队列530473
02:59:34.39     1玩家下线了
03:00:36.98     用户退出客户端主动断开连接
03:00:36.99     2请求离开匹配成功，移除匹配队列530473
03:00:36.99     2玩家下线了
03:01:18.56     用户请求快速注册消息到达
03:01:18.56     ip = 127.0.0.1:55432请求快速注册
03:01:18.56     快速注册成功:账号=lin10003 昵称=游10003
03:01:18.64     3获取用户信息
03:01:19.76     用户请求快速注册消息到达
03:01:19.76     ip = 127.0.0.1:55443请求快速注册
03:01:19.76     快速注册成功:账号=lin10004 昵称=游10004
03:01:19.83     4获取用户信息
03:01:22.93     4请求创建匹配成功,队列号624773
03:01:22.93     4请求开始匹配成功，创建一个匹配队列
03:01:23.76     3请求加入匹配成功,队列号624773
03:01:23.76     624773队列当前匹配成功
03:01:23.76     3请求开始匹配成功，创建一个匹配队列
03:01:25.78     624773房间初始化成功
03:01:25.78     624773房间_4_3_创建成功
03:01:28.88     3玩家准备成功
03:01:28.88     4玩家准备成功
03:01:28.88     624773房间全部准备，游戏即将开始
03:01:28.88     624773房间赢三张游戏开始
03:01:28.88     玩家手牌4:V6C3V3C3V7C1
03:01:28.88     玩家手牌3:V4C1V8C2V11C3
03:01:33.89     4请求看牌成功624773
请求下注10
03:01:45.83     4下注10房间号624773是否看牌True
请求下注-1
03:01:48.22     3下注1房间号624773是否看牌False
请求下注-1
03:01:49.24     3请求错误，当前不是此玩家
请求下注-1
03:01:49.97     3请求错误，当前不是此玩家
请求下注-1
03:01:50.72     3请求错误，当前不是此玩家
请求下注-1
03:01:52.09     4下注2房间号624773是否看牌True
请求下注-1
03:01:53.89     3下注1房间号624773是否看牌False
请求下注-1
03:01:55.39     4下注2房间号624773是否看牌True
请求下注-1
03:01:56.77     3下注1房间号624773是否看牌False
请求下注-1
03:01:58.39     4下注2房间号624773是否看牌True
请求下注-1
03:01:59.54     3下注1房间号624773是否看牌False
03:02:06.04     3请求看牌成功624773
请求下注40
03:02:30.40     4下注40房间号624773是否看牌True
03:02:36.57     用户退出客户端主动断开连接
03:02:36.57     4请求离开匹配成功，匹配队列624773
03:02:36.57     4玩家下线了
03:02:37.69     用户退出客户端主动断开连接
03:02:37.69     3请求离开匹配成功，移除匹配队列624773
03:02:37.69     3玩家下线了
03:03:07.13     用户请求快速注册消息到达
03:03:07.13     ip = 127.0.0.1:56187请求快速注册
03:03:07.13     快速注册成功:账号=lin10005 昵称=游10005
03:03:07.20     5获取用户信息
03:03:09.13     用户请求快速注册消息到达
03:03:09.13     ip = 127.0.0.1:56198请求快速注册
03:03:09.13     快速注册成功:账号=lin10006 昵称=游10006
03:03:09.20     6获取用户信息
03:03:10.79     5请求创建匹配成功,队列号282742
03:03:10.79     5请求开始匹配成功，创建一个匹配队列
03:03:12.24     6请求加入匹配成功,队列号282742
03:03:12.24     282742队列当前匹配成功
03:03:12.24     6请求开始匹配成功，创建一个匹配队列
03:03:14.26     282742房间初始化成功
03:03:14.26     282742房间_5_6_创建成功
03:03:17.32     6玩家准备成功
03:03:17.32     5玩家准备成功
03:03:17.32     282742房间全部准备，游戏即将开始
03:03:17.32     282742房间赢三张游戏开始
03:03:17.32     玩家手牌5:V6C2V10C2V6C3
03:03:17.32     玩家手牌6:V10C4V12C3V5C4
请求下注40
03:03:24.09     5请求下注失败，当前最大可下注金额为20
请求下注20
03:03:26.26     5下注20房间号282742是否看牌False
03:03:28.93     6请求看牌成功282742
请求下注10
03:03:37.36     6请求下注失败，当前可下注金额最小为40
请求下注-1
03:03:41.49     6下注40房间号282742是否看牌True
请求下注20
03:03:49.24     6请求错误，当前不是此玩家
请求下注20
03:03:49.44     6请求错误，当前不是此玩家
请求下注-1
03:04:00.19     5下注20房间号282742是否看牌False
请求下注-1
03:04:06.04     6下注40房间号282742是否看牌True
03:04:11.41     用户退出客户端主动断开连接
03:04:11.41     6请求离开匹配成功，匹配队列282742
03:04:11.41     6玩家下线了
03:04:12.40     用户退出客户端主动断开连接
03:04:12.40     5请求离开匹配成功，移除匹配队列282742
03:04:12.40     5玩家下线了
03:17:34.40     用户请求快速注册消息到达
03:17:34.40     ip = 127.0.0.1:61861请求快速注册
03:17:34.40     快速注册成功:账号=lin10001 昵称=游10001
03:17:34.44     1获取用户信息
03:17:38.83     1请求创建匹配成功,队列号140822
03:17:38.83     1请求开始匹配成功，创建一个匹配队列
03:17:40.36     用户请求快速注册消息到达
03:17:40.36     ip = 127.0.0.1:61880请求快速注册
03:17:40.36     快速注册成功:账号=lin10002 昵称=游10002
03:17:40.41     2获取用户信息
03:17:43.57     2请求加入匹配成功,队列号140822
03:17:43.58     140822队列当前匹配成功
03:17:43.58     2请求开始匹配成功，创建一个匹配队列
03:17:45.61     140822房间初始化成功
03:17:45.61     140822房间_1_2_创建成功
03:17:48.66     1玩家准备成功
03:17:48.67     2玩家准备成功
03:17:48.67     140822房间全部准备，游戏即将开始
03:17:48.67     140822房间赢三张游戏开始
03:17:48.67     玩家手牌1:V5C3V2C2V12C1
03:17:48.67     玩家手牌2:V12C2V10C2V4C2
03:17:52.85     1请求看牌成功140822
请求下注5
03:17:55.42     1下注5房间号140822是否看牌True
请求下注40
03:17:57.31     1请求错误，当前不是此玩家
请求下注-1
03:18:00.09     2下注2房间号140822是否看牌False
请求下注-1
03:18:03.06     1下注5房间号140822是否看牌True
请求下注-1
03:18:05.92     2下注2房间号140822是否看牌False
03:18:16.25     用户退出客户端主动断开连接
03:18:16.25     1请求离开匹配成功，匹配队列140822
03:18:16.25     1玩家下线了
03:18:20.87     用户退出客户端主动断开连接
03:18:20.87     2请求离开匹配成功，移除匹配队列140822
03:18:20.87     2玩家下线了
03:20:02.63     用户请求快速注册消息到达
03:20:02.63     ip = 127.0.0.1:62823请求快速注册
03:20:02.64     快速注册成功:账号=lin10001 昵称=游10001
03:20:02.70     1获取用户信息
03:20:04.09     用户请求快速注册消息到达
03:20:04.09     ip = 127.0.0.1:62828请求快速注册
03:20:04.09     快速注册成功:账号=lin10002 昵称=游10002
03:20:04.16     2获取用户信息
03:20:06.50     1请求创建匹配成功,队列号300648
03:20:06.50     1请求开始匹配成功，创建一个匹配队列
03:20:07.42     2请求加入匹配成功,队列号300648
03:20:07.42     300648队列当前匹配成功
03:20:07.43     2请求开始匹配成功，创建一个匹配队列
03:20:09.44     300648房间初始化成功
03:20:09.44     300648房间_1_2_创建成功
03:20:12.53     1玩家准备成功
03:20:12.53     2玩家准备成功
03:20:12.53     300648房间全部准备，游戏即将开始
03:20:12.53     300648房间赢三张游戏开始
03:20:12.53     玩家手牌1:V5C1V7C2V4C2
03:20:12.53     玩家手牌2:V13C2V3C1V4C3
03:20:15.49     2请求看牌成功300648
请求下注5
03:20:19.27     2请求错误，当前不是此玩家
请求下注5
03:20:20.07     2请求错误，当前不是此玩家
请求下注2
03:20:27.47     1下注2房间号300648是否看牌False
请求下注-1
03:20:29.67     2下注5房间号300648是否看牌True
请求下注10
03:20:34.45     1下注10房间号300648是否看牌False
请求下注-1
03:20:36.45     2下注20房间号300648是否看牌True
03:20:39.80     1请求看牌成功300648
03:20:43.75     2请求弃牌成功
03:21:02.44     1请求弃牌失败，玩家不足了，最后一个人直接胜利
03:21:02.88     1请求弃牌失败，玩家不足了，最后一个人直接胜利
03:21:03.04     1请求弃牌失败，玩家不足了，最后一个人直接胜利
03:21:03.20     1请求弃牌失败，玩家不足了，最后一个人直接胜利
03:21:03.35     1请求弃牌失败，玩家不足了，最后一个人直接胜利
03:21:03.53     1请求弃牌失败，玩家不足了，最后一个人直接胜利
03:21:19.17     用户退出客户端主动断开连接
03:21:19.18     1请求离开匹配成功，匹配队列300648
03:21:19.18     1玩家下线了
03:21:27.14     用户退出客户端主动断开连接
03:21:27.14     2请求离开匹配成功，移除匹配队列300648
03:21:27.14     2玩家下线了
