02:00:23.18     用户请求快速注册消息到达
02:00:23.18     ip = 127.0.0.1:52330请求快速注册
02:00:23.19     快速注册成功:账号=lin10001 昵称=游10001
02:00:23.24     1获取用户信息
02:00:24.23     用户请求快速注册消息到达
02:00:24.23     ip = 127.0.0.1:52335请求快速注册
02:00:24.23     快速注册成功:账号=lin10002 昵称=游10002
02:00:24.29     2获取用户信息
02:00:27.45     2请求创建匹配成功,队列号641838
02:00:27.45     2请求开始匹配成功，创建一个匹配队列
02:00:28.79     1请求加入匹配成功,队列号641838
02:00:28.79     641838队列当前匹配成功
02:00:28.80     1请求开始匹配成功，创建一个匹配队列
02:00:30.81     641838房间初始化成功
02:00:30.81     641838房间_2_1_创建成功
02:00:33.87     1玩家准备成功
02:00:33.90     2玩家准备成功
02:00:33.90     641838房间全部准备，游戏即将开始
02:00:33.90     641838房间赢三张游戏开始
02:00:33.90     玩家手牌2:V12C1V1C1V7C2
02:00:33.90     玩家手牌1:V2C1V8C4V5C2
02:01:06.46     用户退出客户端主动断开连接
02:01:06.47     1请求离开匹配成功，匹配队列641838
02:01:06.49     1玩家下线了
02:07:45.75     用户请求快速注册消息到达
02:07:45.75     ip = 127.0.0.1:53300请求快速注册
02:07:45.76     快速注册成功:账号=lin10001 昵称=游10001
02:07:45.82     1获取用户信息
02:07:47.59     用户请求快速注册消息到达
02:07:47.59     ip = 127.0.0.1:53304请求快速注册
02:07:47.59     快速注册成功:账号=lin10002 昵称=游10002
02:07:47.66     2获取用户信息
02:07:51.12     1请求创建匹配成功,队列号827180
02:07:51.12     1请求开始匹配成功，创建一个匹配队列
02:07:52.82     2请求加入匹配成功,队列号827180
02:07:52.83     827180队列当前匹配成功
02:07:52.83     2请求开始匹配成功，创建一个匹配队列
02:07:54.84     827180房间初始化成功
02:07:54.84     827180房间_1_2_创建成功
02:07:57.92     2玩家准备成功
02:07:57.95     1玩家准备成功
02:07:57.95     827180房间全部准备，游戏即将开始
02:07:57.95     827180房间赢三张游戏开始
02:07:57.95     玩家手牌1:V11C3V7C3V8C3
02:07:57.95     玩家手牌2:V3C1V12C3V6C4
02:08:44.12     用户退出客户端主动断开连接
02:08:44.12     -1请求离开匹配失败，当前没有匹配队列
02:08:59.12     用户退出客户端主动断开连接
02:08:59.12     2请求离开匹配成功，匹配队列827180
02:08:59.12     2玩家下线了
02:38:16.66     用户请求快速注册消息到达
02:38:16.66     ip = 127.0.0.1:57572请求快速注册
02:38:16.67     快速注册成功:账号=lin10001 昵称=游10001
02:38:16.75     1获取用户信息
02:38:20.24     1请求创建匹配成功,队列号632216
02:38:20.25     1请求开始匹配成功，创建一个匹配队列
02:38:22.49     用户请求快速注册消息到达
02:38:22.49     ip = 127.0.0.1:57594请求快速注册
02:38:22.49     快速注册成功:账号=lin10002 昵称=游10002
02:38:22.53     2获取用户信息
02:38:25.88     2请求加入匹配成功,队列号632216
02:38:25.88     632216队列当前匹配成功
02:38:25.88     2请求开始匹配成功，创建一个匹配队列
02:38:27.90     632216房间初始化成功
02:38:27.90     632216房间_1_2_创建成功
02:38:30.97     2玩家准备成功
02:38:30.99     1玩家准备成功
02:38:30.99     632216房间全部准备，游戏即将开始
02:38:30.99     632216房间赢三张游戏开始
02:38:30.99     玩家手牌1:V13C1V3C4V10C1
02:38:30.99     玩家手牌2:V12C2V1C3V4C3
02:38:57.55     用户退出客户端主动断开连接
02:38:57.55     2请求离开匹配成功，匹配队列632216
02:38:57.55     2玩家下线了
02:40:21.61     用户请求快速注册消息到达
02:40:21.61     ip = 127.0.0.1:57861请求快速注册
02:40:21.61     快速注册成功:账号=lin10001 昵称=游10001
02:40:21.66     1获取用户信息
02:40:22.31     用户请求快速注册消息到达
02:40:22.31     ip = 127.0.0.1:57838请求快速注册
02:40:22.31     快速注册成功:账号=lin10002 昵称=游10002
02:40:22.37     2获取用户信息
02:40:27.33     2请求创建匹配成功,队列号327037
02:40:27.34     2请求开始匹配成功，创建一个匹配队列
02:40:33.32     1请求加入匹配成功,队列号327037
02:40:33.32     327037队列当前匹配成功
02:40:33.33     1请求开始匹配成功，创建一个匹配队列
02:40:35.34     327037房间初始化成功
02:40:35.34     327037房间_2_1_创建成功
02:40:38.41     1玩家准备成功
02:40:38.45     2玩家准备成功
02:40:38.45     327037房间全部准备，游戏即将开始
02:40:38.45     327037房间赢三张游戏开始
02:40:38.45     玩家手牌2:V1C1V11C2V8C4
02:40:38.45     玩家手牌1:V12C2V10C3V2C2
请求下注-1
请求下注1
请求下注2
请求下注40
请求下注10
请求下注20
请求下注5
02:41:41.03     用户退出客户端主动断开连接
02:41:41.03     1请求离开匹配成功，匹配队列327037
02:41:41.03     1玩家下线了
02:41:44.87     用户退出客户端主动断开连接
02:41:44.87     2请求离开匹配成功，移除匹配队列327037
02:41:44.87     2玩家下线了
