12:49:26.45     用户请求快速注册消息到达
12:49:26.45     ip = 127.0.0.1:65222请求快速注册
12:49:26.45     快速注册成功:账号=lin10001 昵称=lin10001
12:50:16.83     用户请求快速注册消息到达
12:50:16.83     ip = 127.0.0.1:65494请求快速注册
12:50:16.83     快速注册成功:账号=lin10001 昵称=游10001
12:50:29.82     用户退出客户端主动断开连接
12:51:58.29     用户请求快速注册消息到达
12:51:58.29     ip = 127.0.0.1:49679请求快速注册
12:51:58.30     快速注册成功:账号=lin10001 昵称=游10001
12:52:00.99     用户退出客户端主动断开连接
12:54:59.58     用户请求快速注册消息到达
12:54:59.58     ip = 127.0.0.1:50590请求快速注册
12:54:59.58     快速注册成功:账号=lin10001 昵称=游10001
12:56:03.28     用户请求快速注册消息到达
12:56:03.28     ip = 127.0.0.1:50955请求快速注册
12:56:03.28     快速注册成功:账号=lin10001 昵称=游10001
12:56:22.07     用户退出客户端主动断开连接
12:56:22.07     1玩家下线了
12:57:35.31     用户请求登录消息到达
12:57:35.31     username = lin10001请求登录验证成功
12:11:37.11     用户请求快速注册消息到达
12:11:37.11     ip = 127.0.0.1:53979请求快速注册
12:11:37.11     快速注册成功:账号=lin10001 昵称=游10001
12:11:42.55     用户退出客户端主动断开连接
12:11:42.55     1玩家下线了
12:12:02.95     用户请求登录消息到达
12:12:02.96     username = lin10001请求登录验证成功
12:12:34.94     用户退出ConnectionReset
12:12:34.94     1玩家下线了
12:14:33.54     用户退出客户端主动断开连接
12:16:17.89     用户请求登录消息到达
12:16:17.89     username = lin10001请求登录验证成功
12:20:30.06     用户请求登录消息到达
12:28:55.04     用户请求快速注册消息到达
12:28:55.04     ip = 127.0.0.1:56461请求快速注册
12:28:55.04     快速注册成功:账号=lin10001 昵称=游10001
12:29:35.88     用户退出客户端主动断开连接
12:29:35.89     1玩家下线了
12:29:56.93     用户请求登录消息到达
12:29:56.93     username = lin10001请求登录验证成功
12:30:15.14     用户请求登录消息到达
12:30:28.38     用户请求登录消息到达
12:41:13.46     用户请求快速注册消息到达
12:41:13.46     ip = 127.0.0.1:58068请求快速注册
12:41:13.46     快速注册成功:账号=lin10001 昵称=游10001
12:41:24.69     用户请求登录消息到达
