03:58:07.43     用户退出客户端主动断开连接
03:58:07.49     -1请求离开匹配失败，当前没有匹配队列
03:58:51.58     用户退出客户端主动断开连接
03:58:51.58     -1请求离开匹配失败，当前没有匹配队列
03:59:05.62     用户退出客户端主动断开连接
03:59:05.62     -1请求离开匹配失败，当前没有匹配队列
04:01:50.16     用户退出客户端主动断开连接
04:01:50.16     -1请求离开匹配失败，当前没有匹配队列
04:03:17.26     用户退出客户端主动断开连接
04:03:17.26     -1请求离开匹配失败，当前没有匹配队列
04:03:52.91     用户退出客户端主动断开连接
04:03:52.91     -1请求离开匹配失败，当前没有匹配队列
04:04:22.16     用户退出客户端主动断开连接
04:04:22.16     -1请求离开匹配失败，当前没有匹配队列
04:04:51.10     用户退出客户端主动断开连接
04:04:51.10     -1请求离开匹配失败，当前没有匹配队列
04:06:49.41     用户请求快速注册消息到达
04:06:49.41     ip = 127.0.0.1:64859请求快速注册
04:06:49.41     快速注册成功:账号=lin10001 昵称=游10001
04:06:49.50     1获取用户信息
04:06:56.25     1请求创建匹配成功,队列号321359
04:06:56.25     1请求开始匹配成功，创建一个匹配队列
04:07:34.66     1请求离开匹配成功，移除匹配队列321359
04:07:44.77     1请求创建匹配成功,队列号712047
04:07:44.77     1请求开始匹配成功，创建一个匹配队列
04:07:58.71     1请求离开匹配成功，移除匹配队列712047
04:11:22.78     用户退出客户端主动断开连接
04:11:22.78     1请求离开匹配失败，当前没有匹配队列
04:11:22.78     1玩家下线了
04:11:42.82     用户请求快速注册消息到达
04:11:42.82     ip = 127.0.0.1:65497请求快速注册
04:11:42.82     快速注册成功:账号=lin10002 昵称=游10002
04:11:42.88     2获取用户信息
04:12:07.23     用户退出客户端主动断开连接
04:12:07.23     2请求离开匹配失败，当前没有匹配队列
04:12:07.23     2玩家下线了
04:12:21.84     用户请求快速注册消息到达
04:12:21.84     ip = 127.0.0.1:49215请求快速注册
04:12:21.84     快速注册成功:账号=lin10003 昵称=游10003
04:12:21.90     3获取用户信息
04:12:26.88     3请求创建匹配成功,队列号139158
04:12:26.88     3请求开始匹配成功，创建一个匹配队列
04:12:42.52     3请求离开匹配成功，移除匹配队列139158
04:13:17.63     用户退出客户端主动断开连接
04:13:17.63     3请求离开匹配失败，当前没有匹配队列
04:13:17.63     3玩家下线了
04:13:50.91     用户请求快速注册消息到达
04:13:50.91     ip = 127.0.0.1:49417请求快速注册
04:13:50.91     快速注册成功:账号=lin10004 昵称=游10004
04:13:50.95     4获取用户信息
04:13:54.53     4请求创建匹配成功,队列号334365
04:13:54.54     4请求开始匹配成功，创建一个匹配队列
04:14:01.94     用户请求快速注册消息到达
04:14:01.94     ip = 127.0.0.1:49392请求快速注册
04:14:01.94     快速注册成功:账号=lin10005 昵称=游10005
04:14:01.99     5获取用户信息
04:14:05.76     5请求加入匹配成功,队列号334365
04:14:05.76     334365队列当前匹配成功
04:14:05.78     5请求开始匹配成功，创建一个匹配队列
04:14:06.79     334365房间初始化成功
04:14:06.79     334365房间_4_5_创建成功
04:14:07.89     5玩家准备成功
04:15:16.18     用户退出客户端主动断开连接
04:15:16.19     4请求离开匹配成功，匹配队列334365
04:15:16.19     4玩家下线了
04:16:37.43     用户退出客户端主动断开连接
04:16:37.43     5请求离开匹配成功，移除匹配队列334365
04:16:37.43     5玩家下线了
04:18:28.58     用户请求快速注册消息到达
04:18:28.58     ip = 127.0.0.1:50027请求快速注册
04:18:28.58     快速注册成功:账号=lin10006 昵称=游10006
04:18:28.62     6获取用户信息
04:18:40.52     用户退出客户端主动断开连接
04:18:40.52     6请求离开匹配失败，当前没有匹配队列
04:18:40.52     6玩家下线了
04:20:18.33     用户退出客户端主动断开连接
04:20:18.33     -1请求离开匹配失败，当前没有匹配队列
04:20:45.06     用户请求快速注册消息到达
04:20:45.06     ip = 127.0.0.1:50319请求快速注册
04:20:45.06     快速注册成功:账号=lin10007 昵称=游10007
04:20:45.10     7获取用户信息
04:21:15.80     用户请求快速注册消息到达
04:21:15.80     ip = 127.0.0.1:50395请求快速注册
04:21:15.80     快速注册成功:账号=lin10008 昵称=游10008
04:21:15.86     8获取用户信息
04:21:19.78     8请求创建匹配成功,队列号228679
04:21:19.78     8请求开始匹配成功，创建一个匹配队列
04:21:22.94     7请求加入匹配成功,队列号228679
04:21:22.94     228679队列当前匹配成功
04:21:22.94     7请求开始匹配成功，创建一个匹配队列
04:21:23.95     228679房间初始化成功
04:21:23.95     228679房间_8_7_创建成功
04:21:25.07     8玩家准备成功
04:21:25.08     7玩家准备成功
04:21:25.08     228679房间全部准备，游戏即将开始
04:21:25.08     228679房间游戏开始
04:22:27.30     8请求离开匹配成功，匹配队列228679
04:22:29.60     7请求离开匹配成功，移除匹配队列228679
04:22:38.06     用户退出客户端主动断开连接
04:22:38.06     7请求离开匹配失败，当前没有匹配队列
04:22:38.06     7玩家下线了
04:23:37.74     用户退出客户端主动断开连接
04:23:37.74     8请求离开匹配失败，当前没有匹配队列
04:23:37.74     8玩家下线了
04:24:40.97     用户请求快速注册消息到达
04:24:40.97     ip = 127.0.0.1:50843请求快速注册
04:24:40.97     快速注册成功:账号=lin10009 昵称=游10009
04:24:41.03     9获取用户信息
04:24:44.34     9请求创建匹配成功,队列号128347
04:24:44.34     9请求开始匹配成功，创建一个匹配队列
04:24:55.33     用户请求快速注册消息到达
04:24:55.33     ip = 127.0.0.1:50877请求快速注册
04:24:55.33     快速注册成功:账号=lin10010 昵称=游10010
04:24:55.37     10获取用户信息
04:24:58.53     10请求加入匹配成功,队列号128347
04:24:58.53     128347队列当前匹配成功
04:24:58.53     10请求开始匹配成功，创建一个匹配队列
04:24:59.55     128347房间初始化成功
04:24:59.55     128347房间_9_10_创建成功
04:25:02.61     10玩家准备成功
04:25:02.61     9玩家准备成功
04:25:02.61     128347房间全部准备，游戏即将开始
04:25:02.61     128347房间游戏开始
04:25:36.08     用户退出客户端主动断开连接
04:25:36.08     9请求离开匹配成功，匹配队列128347
04:25:36.08     9玩家下线了
04:25:42.82     用户退出客户端主动断开连接
04:25:42.82     10请求离开匹配成功，移除匹配队列128347
04:25:42.82     10玩家下线了
04:25:58.80     用户请求快速注册消息到达
04:25:58.80     ip = 127.0.0.1:51051请求快速注册
04:25:58.80     快速注册成功:账号=lin10011 昵称=游10011
04:25:58.86     11获取用户信息
04:28:08.48     用户请求快速注册消息到达
04:28:08.48     ip = 127.0.0.1:51358请求快速注册
04:28:08.48     快速注册成功:账号=lin10001 昵称=游10001
04:28:08.54     1获取用户信息
04:28:13.42     用户请求快速注册消息到达
04:28:13.42     ip = 127.0.0.1:51370请求快速注册
04:28:13.42     快速注册成功:账号=lin10002 昵称=游10002
04:28:13.47     2获取用户信息
04:28:16.97     1请求创建匹配成功,队列号740920
04:28:16.97     1请求开始匹配成功，创建一个匹配队列
04:28:19.16     2请求加入匹配成功,队列号740920
04:28:19.16     740920队列当前匹配成功
04:28:19.17     2请求开始匹配成功，创建一个匹配队列
04:28:21.18     740920房间初始化成功
04:28:21.18     740920房间_1_2_创建成功
04:28:24.24     2玩家准备成功
04:28:24.24     1玩家准备成功
04:28:24.24     740920房间全部准备，游戏即将开始
04:28:24.24     740920房间游戏开始
04:28:48.82     用户退出客户端主动断开连接
04:28:48.82     1请求离开匹配成功，匹配队列740920
04:28:48.82     1玩家下线了
04:28:49.67     用户退出客户端主动断开连接
04:28:49.67     2请求离开匹配成功，移除匹配队列740920
04:28:49.67     2玩家下线了
