12:16:01.66     用户请求快速注册消息到达
12:16:01.66     ip = 127.0.0.1:49920请求快速注册
12:16:01.66     快速注册成功:账号=lin10001 昵称=游10001
12:16:01.74     1获取用户信息
12:16:04.56     用户请求快速注册消息到达
12:16:04.56     ip = 127.0.0.1:49927请求快速注册
12:16:04.56     快速注册成功:账号=lin10002 昵称=游10002
12:16:04.63     2获取用户信息
12:16:07.33     用户请求快速注册消息到达
12:16:07.33     ip = 127.0.0.1:49933请求快速注册
12:16:07.33     快速注册成功:账号=lin10003 昵称=游10003
12:16:07.39     3获取用户信息
12:16:10.52     3请求创建匹配成功,队列号935571
12:16:10.52     3请求开始匹配成功，创建一个匹配队列
12:16:11.68     2请求加入匹配成功,队列号935571
12:16:11.68     2请求开始匹配成功，创建一个匹配队列
12:16:12.62     1请求加入匹配成功,队列号935571
12:16:12.62     935571队列当前匹配成功
12:16:12.62     1请求开始匹配成功，创建一个匹配队列
12:16:14.64     935571房间初始化成功
12:16:14.64     935571房间_3_2_1_创建成功
12:16:17.69     2玩家准备成功
12:16:17.69     3玩家准备成功
12:16:17.70     1玩家准备成功
12:16:17.70     935571房间全部准备，游戏即将开始
12:16:17.70     935571房间赢三张游戏开始
12:16:17.70     玩家手牌3:V11C2V13C1V7C2
12:16:17.70     玩家手牌2:V12C1V9C4V6C1
12:16:17.70     玩家手牌1:V9C2V9C3V3C1
请求下注-1
12:16:21.94     1请求错误，当前不是此玩家
请求下注-1
12:16:24.86     2请求错误，当前不是此玩家
请求下注-1
12:16:26.36     3下注1房间号935571是否看牌False
请求下注-1
12:16:28.28     2下注1房间号935571是否看牌False
请求下注-1
12:16:30.13     1下注1房间号935571是否看牌False
12:16:31.86     3请求看牌成功935571
12:16:34.91     3请求弃牌成功
12:16:40.43     1请求错误，没有此玩家
12:16:45.32     1请求错误，当前不是此玩家
12:16:47.66     1请求错误，当前不是此玩家
12:16:54.51     2请求错误，没有此玩家
12:16:56.16     2请求和1比牌，比牌结果False
12:16:56.16     935571房间赢三张游戏结束
12:17:15.95     用户退出客户端主动断开连接
12:17:15.96     2请求离开匹配成功，匹配队列935571
12:17:15.96     2玩家下线了
12:17:17.70     用户退出客户端主动断开连接
12:17:17.70     1请求离开匹配成功，匹配队列935571
12:17:17.70     1玩家下线了
12:17:19.06     用户退出客户端主动断开连接
12:17:19.06     3请求离开匹配成功，移除匹配队列935571
12:17:19.06     3玩家下线了
12:18:20.64     用户请求快速注册消息到达
12:18:20.64     ip = 127.0.0.1:50141请求快速注册
12:18:20.64     快速注册成功:账号=lin10001 昵称=游10001
12:18:20.70     1获取用户信息
12:18:23.91     1请求创建匹配成功,队列号761186
12:18:23.92     1请求开始匹配成功，创建一个匹配队列
12:18:36.30     用户请求快速注册消息到达
12:18:36.30     ip = 127.0.0.1:50188请求快速注册
12:18:36.30     快速注册成功:账号=lin10002 昵称=游10002
12:18:36.35     2获取用户信息
12:18:39.18     2请求加入匹配成功,队列号761186
12:18:39.18     761186队列当前匹配成功
12:18:39.18     2请求开始匹配成功，创建一个匹配队列
12:18:41.20     761186房间初始化成功
12:18:41.20     761186房间_1_2_创建成功
12:18:44.27     2玩家准备成功
12:18:44.32     1玩家准备成功
12:18:44.32     761186房间全部准备，游戏即将开始
12:18:44.32     761186房间赢三张游戏开始
12:18:44.32     玩家手牌1:V1C3V11C1V9C1
12:18:44.32     玩家手牌2:V12C3V7C2V8C4
12:18:48.54     2请求错误，当前不是此玩家
12:18:50.99     1请求和2比牌，比牌结果True
12:18:50.99     761186房间赢三张游戏结束
12:19:24.16     用户退出客户端主动断开连接
12:19:24.16     2请求离开匹配成功，匹配队列761186
12:19:24.16     2玩家下线了
12:19:46.86     用户退出客户端主动断开连接
12:19:46.86     1请求离开匹配成功，移除匹配队列761186
12:19:46.86     1玩家下线了
12:20:27.06     用户请求快速注册消息到达
12:20:27.06     ip = 127.0.0.1:50465请求快速注册
12:20:27.06     快速注册成功:账号=lin10003 昵称=游10003
12:20:27.10     3获取用户信息
12:20:31.91     3请求创建匹配成功,队列号575146
12:20:31.91     3请求开始匹配成功，创建一个匹配队列
12:20:33.33     用户请求快速注册消息到达
12:20:33.33     ip = 127.0.0.1:50480请求快速注册
12:20:33.33     快速注册成功:账号=lin10004 昵称=游10004
12:20:33.38     4获取用户信息
12:20:36.43     4请求加入匹配成功,队列号575146
12:20:36.43     575146队列当前匹配成功
12:20:36.43     4请求开始匹配成功，创建一个匹配队列
12:20:38.45     575146房间初始化成功
12:20:38.45     575146房间_3_4_创建成功
12:20:41.49     3玩家准备成功
12:20:41.53     4玩家准备成功
12:20:41.53     575146房间全部准备，游戏即将开始
12:20:41.53     575146房间赢三张游戏开始
12:20:41.53     玩家手牌3:V10C4V9C2V1C4
12:20:41.53     玩家手牌4:V2C2V1C1V9C3
12:20:44.16     4请求错误，当前不是此玩家
12:20:46.67     3请求和4比牌，比牌结果True
12:20:46.70     575146房间赢三张游戏结束
12:21:16.56     用户退出客户端主动断开连接
12:21:16.56     3请求离开匹配成功，匹配队列575146
12:21:16.56     3玩家下线了
12:21:19.29     用户退出客户端主动断开连接
12:21:19.29     4请求离开匹配成功，移除匹配队列575146
12:21:19.29     4玩家下线了
12:24:45.96     用户请求快速注册消息到达
12:24:45.96     ip = 127.0.0.1:51058请求快速注册
12:24:45.96     快速注册成功:账号=lin10001 昵称=游10001
12:24:46.01     1获取用户信息
12:24:49.33     1请求创建匹配成功,队列号595233
12:24:49.33     1请求开始匹配成功，创建一个匹配队列
12:24:50.44     用户请求快速注册消息到达
12:24:50.44     ip = 127.0.0.1:51070请求快速注册
12:24:50.44     快速注册成功:账号=lin10002 昵称=游10002
12:24:50.51     2获取用户信息
12:24:53.51     2请求加入匹配成功,队列号595233
12:24:53.51     595233队列当前匹配成功
12:24:53.51     2请求开始匹配成功，创建一个匹配队列
12:24:55.54     595233房间初始化成功
12:24:55.54     595233房间_1_2_创建成功
12:24:58.58     2玩家准备成功
12:24:58.62     1玩家准备成功
12:24:58.62     595233房间全部准备，游戏即将开始
12:24:58.62     595233房间赢三张游戏开始
12:24:58.62     玩家手牌1:V4C3V5C2V6C3
12:24:58.62     玩家手牌2:V9C4V8C4V4C4
12:25:02.86     1请求和2比牌，比牌结果False
12:25:02.86     595233房间赢三张游戏结束
12:26:15.96     1请求开始匹配失败当前已在队列中595233
12:26:20.59     用户退出客户端主动断开连接
12:26:20.59     1请求离开匹配成功，匹配队列595233
12:26:20.59     1玩家下线了
12:26:21.84     用户退出客户端主动断开连接
12:26:21.84     2请求离开匹配成功，移除匹配队列595233
12:26:21.84     2玩家下线了
12:36:20.88     用户请求快速注册消息到达
12:36:20.88     ip = 127.0.0.1:52759请求快速注册
12:36:20.89     快速注册成功:账号=lin10001 昵称=游10001
12:36:20.94     1获取用户信息
12:36:22.48     用户请求快速注册消息到达
12:36:22.48     ip = 127.0.0.1:52768请求快速注册
12:36:22.48     快速注册成功:账号=lin10002 昵称=游10002
12:36:22.54     2获取用户信息
12:36:25.61     1请求创建匹配成功,队列号691725
12:36:25.61     1请求开始匹配成功，创建一个匹配队列
12:36:26.31     2请求加入匹配成功,队列号691725
12:36:26.31     691725队列当前匹配成功
12:36:26.31     2请求开始匹配成功，创建一个匹配队列
12:36:28.31     691725房间初始化成功
12:36:28.31     691725房间_1_2_创建成功
12:36:31.38     2玩家准备成功
12:36:31.39     1玩家准备成功
12:36:31.39     691725房间全部准备，游戏即将开始
12:36:31.39     691725房间赢三张游戏开始
12:36:31.39     玩家手牌1:V5C2V11C1V8C3
12:36:31.39     玩家手牌2:V10C1V1C3V7C4
12:36:35.38     1请求和2比牌，比牌结果False
12:36:35.38     691725房间赢三张游戏结束
12:36:40.39     691725房间即将解散
12:37:04.33     1请求创建匹配成功,队列号291259
12:37:04.33     1请求开始匹配成功，创建一个匹配队列
12:37:05.04     2请求加入匹配成功,队列号291259
12:37:05.04     291259队列当前匹配成功
12:37:05.04     2请求开始匹配成功，创建一个匹配队列
12:37:07.04     291259房间初始化成功
12:37:07.04     291259房间_1_2_创建成功
12:37:10.10     2玩家准备成功
12:37:10.11     1玩家准备成功
12:37:10.11     291259房间全部准备，游戏即将开始
12:37:10.11     291259房间赢三张游戏开始
12:37:10.11     玩家手牌1:V5C2V9C3V5C3
12:37:10.11     玩家手牌2:V10C1V6C1V10C2
请求下注10
12:37:12.75     2请求错误，当前不是此玩家
请求下注10
12:37:14.20     2请求错误，当前不是此玩家
12:38:06.61     1请求和2比牌，比牌结果False
12:38:06.61     291259房间赢三张游戏结束
12:38:11.63     291259房间即将解散
12:38:18.33     用户退出客户端主动断开连接
12:38:18.33     1请求离开匹配失败，当前没有匹配队列
12:38:18.33     1玩家下线了
12:38:19.33     用户退出客户端主动断开连接
12:38:19.33     2请求离开匹配失败，当前没有匹配队列
12:38:19.33     2玩家下线了
12:40:30.73     用户请求快速注册消息到达
12:40:30.73     ip = 127.0.0.1:53338请求快速注册
12:40:30.73     快速注册成功:账号=lin10001 昵称=游10001
12:40:30.80     1获取用户信息
12:40:34.93     1请求创建匹配成功,队列号466395
12:40:34.94     1请求开始匹配成功，创建一个匹配队列
12:40:35.83     用户请求快速注册消息到达
12:40:35.83     ip = 127.0.0.1:53352请求快速注册
12:40:35.83     快速注册成功:账号=lin10002 昵称=游10002
12:40:35.91     2获取用户信息
12:40:38.77     2请求加入匹配成功,队列号466395
12:40:38.77     466395队列当前匹配成功
12:40:38.77     2请求开始匹配成功，创建一个匹配队列
12:40:40.78     466395房间初始化成功
12:40:40.78     466395房间_1_2_创建成功
12:40:43.84     1玩家准备成功
12:40:43.85     2玩家准备成功
12:40:43.85     466395房间全部准备，游戏即将开始
12:40:43.85     466395房间赢三张游戏开始
12:40:43.85     玩家手牌1:V1C3V13C2V5C1
12:40:43.85     玩家手牌2:V4C3V12C3V2C3
请求下注-1
12:40:54.50     1下注1房间号466395是否看牌False
请求下注-1
12:40:55.26     2下注1房间号466395是否看牌False
请求下注-1
12:40:58.12     1下注1房间号466395是否看牌False
12:41:02.72     2请求和1比牌，比牌结果True
12:41:02.72     466395房间赢三张游戏结束
12:41:07.73     466395房间即将解散
12:41:26.42     2请求创建匹配成功,队列号832478
12:41:26.42     2请求开始匹配成功，创建一个匹配队列
12:41:27.27     1请求加入匹配成功,队列号832478
12:41:27.27     832478队列当前匹配成功
12:41:27.27     1请求开始匹配成功，创建一个匹配队列
12:41:29.27     832478房间初始化成功
12:41:29.27     832478房间_2_1_创建成功
12:41:32.33     1玩家准备成功
12:41:32.33     832478房间全部准备，游戏即将开始
12:41:32.33     2玩家准备成功
12:41:32.33     832478房间全部准备，游戏即将开始
12:41:32.33     832478房间赢三张游戏开始
12:41:32.33     玩家手牌2:V11C4V3C4V10C2
12:41:32.33     832478房间赢三张游戏开始
12:41:32.33     玩家手牌2:V12C3V3C4V6C1
12:41:32.33     玩家手牌1:V11C4V11C2V13C3
12:41:32.34     玩家手牌1:V11C4V11C2V13C3
请求下注-1
12:41:34.32     1请求错误，当前不是此玩家
请求下注-1
12:41:35.90     1请求错误，当前不是此玩家
请求下注-1
12:41:37.30     2下注1房间号832478是否看牌False
请求下注-1
12:41:38.44     1下注1房间号832478是否看牌False
请求下注-1
12:41:39.64     2下注1房间号832478是否看牌False
请求下注-1
12:41:41.10     1下注1房间号832478是否看牌False
请求下注-1
12:41:42.15     2下注1房间号832478是否看牌False
12:41:44.73     1请求和2比牌，比牌结果True
12:43:09.76     用户请求快速注册消息到达
12:43:09.76     ip = 127.0.0.1:53709请求快速注册
12:43:09.76     快速注册成功:账号=lin10001 昵称=游10001
12:43:09.81     1获取用户信息
12:43:13.87     用户请求快速注册消息到达
12:43:13.87     ip = 127.0.0.1:53720请求快速注册
12:43:13.87     快速注册成功:账号=lin10002 昵称=游10002
12:43:13.90     2获取用户信息
12:43:16.82     2请求创建匹配成功,队列号492093
12:43:16.83     2请求开始匹配成功，创建一个匹配队列
12:43:17.69     1请求加入匹配成功,队列号492093
12:43:17.69     492093队列当前匹配成功
12:43:17.69     1请求开始匹配成功，创建一个匹配队列
12:43:19.69     492093房间初始化成功
12:43:19.69     492093房间_2_1_创建成功
12:43:22.74     2玩家准备成功
12:43:22.74     1玩家准备成功
12:43:22.74     492093房间全部准备，游戏即将开始
12:43:22.74     492093房间全部准备，游戏即将开始
12:43:22.74     492093房间赢三张游戏开始
12:43:22.74     492093房间赢三张游戏开始
12:43:22.74     玩家手牌2:V8C2V12C4V11C1
12:43:22.74     玩家手牌2:V8C2V12C4V11C1V10C1V11C4V2C1
12:43:22.74     玩家手牌1:V9C1V2C2V11C3V3C2V1C2V3C4
12:43:22.74     玩家手牌1:V9C1V2C2V11C3V3C2V1C2V3C4
12:43:28.65     1请求错误，当前不是此玩家
请求下注-1
12:43:31.12     2下注1房间号492093是否看牌False
12:43:34.35     1请求和2比牌，比牌结果False
12:46:17.84     用户请求快速注册消息到达
12:46:17.84     ip = 127.0.0.1:54140请求快速注册
12:46:17.85     快速注册成功:账号=lin10001 昵称=游10001
12:46:17.89     1获取用户信息
12:46:21.09     1请求创建匹配成功,队列号879972
12:46:21.09     1请求开始匹配成功，创建一个匹配队列
12:46:23.25     用户请求快速注册消息到达
12:46:23.25     ip = 127.0.0.1:54152请求快速注册
12:46:23.25     快速注册成功:账号=lin10002 昵称=游10002
12:46:23.29     2获取用户信息
12:46:26.15     2请求加入匹配成功,队列号879972
12:46:26.15     879972队列当前匹配成功
12:46:26.15     2请求开始匹配成功，创建一个匹配队列
12:46:28.16     879972房间初始化成功
12:46:28.16     879972房间_1_2_创建成功
12:46:31.20     1玩家准备成功
12:46:31.21     2玩家准备成功
12:46:31.21     879972房间全部准备，游戏即将开始
12:46:31.21     879972房间赢三张游戏开始
12:46:31.21     玩家手牌1:V4C3V9C2V6C2
12:46:31.21     玩家手牌2:V8C4V7C2V8C2
请求下注-1
12:46:34.22     2请求错误，当前不是此玩家
请求下注-1
12:46:37.02     1下注1房间号879972是否看牌False
12:46:39.17     2请求和1比牌，比牌结果True
12:52:06.94     用户请求快速注册消息到达
12:52:06.94     ip = 127.0.0.1:54961请求快速注册
12:52:06.95     快速注册成功:账号=lin10001 昵称=游10001
12:52:06.99     1获取用户信息
12:52:09.88     用户请求快速注册消息到达
12:52:09.88     ip = 127.0.0.1:54972请求快速注册
12:52:09.88     快速注册成功:账号=lin10002 昵称=游10002
12:52:09.95     2获取用户信息
12:52:16.08     2请求创建匹配成功,队列号842713
12:52:16.09     2请求开始匹配成功，创建一个匹配队列
12:52:16.88     1请求加入匹配成功,队列号842713
12:52:16.88     842713队列当前匹配成功
12:52:16.89     1请求开始匹配成功，创建一个匹配队列
12:52:18.90     842713房间初始化成功
12:52:18.90     842713房间_2_1_创建成功
12:52:21.93     2玩家准备成功
12:52:21.97     1玩家准备成功
12:52:21.97     842713房间全部准备，游戏即将开始
12:52:21.97     842713房间赢三张游戏开始
12:52:21.98     玩家手牌2:V4C4V10C2V6C1
12:52:21.98     玩家手牌1:V11C4V5C4V13C3
请求下注-1
12:52:23.82     2下注1房间号842713是否看牌False
请求下注10
12:52:26.01     1下注10房间号842713是否看牌False
12:52:28.11     2请求看牌成功842713
请求下注-1
12:52:29.13     2下注20房间号842713是否看牌True
12:52:31.56     1请求看牌成功842713
请求下注-1
12:52:31.98     1下注20房间号842713是否看牌True
请求下注40
12:52:35.42     2下注40房间号842713是否看牌True
请求下注-1
12:52:37.51     1下注20房间号842713是否看牌True
请求下注-1
12:52:38.91     2下注20房间号842713是否看牌True
请求下注-1
12:52:40.11     1下注20房间号842713是否看牌True
请求下注40
12:52:42.53     2下注40房间号842713是否看牌True
请求下注-1
12:52:44.28     1下注20房间号842713是否看牌True
请求下注-1
12:52:45.56     1请求错误，当前不是此玩家
请求下注-1
12:52:46.41     1请求错误，当前不是此玩家
请求下注-1
12:52:46.81     1请求错误，当前不是此玩家
请求下注-1
12:52:47.02     1请求错误，当前不是此玩家
请求下注-1
12:52:47.21     1请求错误，当前不是此玩家
请求下注-1
12:52:47.38     1请求错误，当前不是此玩家
请求下注-1
12:52:48.98     2下注20房间号842713是否看牌True
请求下注-1
12:52:49.18     2请求错误，当前不是此玩家
请求下注-1
12:52:50.59     1下注20房间号842713是否看牌True
请求下注-1
12:52:52.01     2下注20房间号842713是否看牌True
请求下注-1
12:52:52.91     1下注20房间号842713是否看牌True
请求下注-1
12:52:54.06     2下注20房间号842713是否看牌True
请求下注-1
12:52:54.93     1下注20房间号842713是否看牌True
请求下注-1
12:52:56.11     2下注20房间号842713是否看牌True
请求下注-1
12:52:56.83     1下注20房间号842713是否看牌True
12:52:58.92     2请求和1比牌，比牌结果False
12:52:58.92     842713房间赢三张游戏结束
12:53:03.93     842713房间即将解散
12:53:09.00     2获取用户信息
12:53:09.01     1获取用户信息
12:53:31.91     用户退出ConnectionReset
12:53:31.91     2请求离开匹配失败，当前没有匹配队列
12:53:31.91     2玩家下线了
12:53:36.94     用户退出ConnectionReset
12:53:36.94     1请求离开匹配失败，当前没有匹配队列
12:53:36.94     1玩家下线了
12:57:09.66     用户请求快速注册消息到达
12:57:09.66     ip = 127.0.0.1:55531请求快速注册
12:57:09.66     快速注册成功:账号=lin10003 昵称=游10003
12:57:09.71     3获取用户信息
12:57:20.47     3请求创建匹配成功,队列号686715
12:57:20.47     3请求开始匹配成功，创建一个匹配队列
12:57:32.60     用户请求快速注册消息到达
12:57:32.60     ip = 127.0.0.1:55718请求快速注册
12:57:32.60     快速注册成功:账号=lin10004 昵称=游10004
12:57:32.63     4获取用户信息
12:57:36.15     4请求加入匹配成功,队列号686715
12:57:36.15     686715队列当前匹配成功
12:57:36.15     4请求开始匹配成功，创建一个匹配队列
12:57:38.15     686715房间初始化成功
12:57:38.15     686715房间_3_4_创建成功
12:57:41.23     4玩家准备成功
12:57:41.25     3玩家准备成功
12:57:41.25     686715房间全部准备，游戏即将开始
12:57:41.25     686715房间赢三张游戏开始
12:57:41.25     玩家手牌3:V11C3V3C1V13C1
12:57:41.25     玩家手牌4:V4C2V6C2V10C2
12:57:44.24     3请求和4比牌，比牌结果False
12:57:44.24     686715房间赢三张游戏结束
12:57:49.25     686715房间即将解散
12:57:54.26     3获取用户信息
12:57:54.28     4获取用户信息
12:58:07.93     用户退出ConnectionReset
12:58:07.93     4请求离开匹配失败，当前没有匹配队列
12:58:07.93     4玩家下线了
12:59:16.50     用户退出客户端主动断开连接
12:59:16.50     3请求离开匹配失败，当前没有匹配队列
12:59:16.50     3玩家下线了
01:00:23.21     用户请求快速注册消息到达
01:00:23.21     ip = 127.0.0.1:56109请求快速注册
01:00:23.21     快速注册成功:账号=lin10005 昵称=游10005
01:00:23.28     5获取用户信息
01:00:24.81     用户请求快速注册消息到达
01:00:24.81     ip = 127.0.0.1:56114请求快速注册
01:00:24.81     快速注册成功:账号=lin10006 昵称=游10006
01:00:24.86     6获取用户信息
01:00:26.73     5请求创建匹配成功,队列号451488
01:00:26.73     5请求开始匹配成功，创建一个匹配队列
01:00:28.00     6请求加入匹配成功,队列号451488
01:00:28.00     451488队列当前匹配成功
01:00:28.00     6请求开始匹配成功，创建一个匹配队列
01:00:30.01     451488房间初始化成功
01:00:30.01     451488房间_5_6_创建成功
01:00:33.09     6玩家准备成功
01:00:33.09     5玩家准备成功
01:00:33.09     451488房间全部准备，游戏即将开始
01:00:33.09     451488房间赢三张游戏开始
01:00:33.09     玩家手牌5:V2C4V4C3V9C4
01:00:33.09     玩家手牌6:V3C1V7C2V12C2
请求下注-1
01:00:41.72     5下注1房间号451488是否看牌False
请求下注-1
01:00:42.82     6下注1房间号451488是否看牌False
请求下注40
01:00:45.16     5请求下注失败，当前最大可下注金额为20
请求下注20
01:00:45.76     5下注20房间号451488是否看牌False
请求下注-1
01:00:47.39     6下注20房间号451488是否看牌False
请求下注20
01:00:50.58     5下注20房间号451488是否看牌False
请求下注-1
01:00:51.94     6下注20房间号451488是否看牌False
请求下注-1
01:00:53.16     5下注20房间号451488是否看牌False
请求下注-1
01:00:54.14     6下注20房间号451488是否看牌False
请求下注-1
01:00:55.41     5下注20房间号451488是否看牌False
请求下注-1
01:00:57.68     6下注20房间号451488是否看牌False
请求下注-1
01:00:59.63     5下注20房间号451488是否看牌False
01:01:06.97     6请求和5比牌，比牌结果True
01:01:06.97     451488房间赢三张游戏结束
01:01:11.98     451488房间即将解散
01:01:17.01     6获取用户信息
01:01:17.06     5获取用户信息
01:01:26.51     5请求创建匹配成功,队列号912628
01:01:26.51     5请求开始匹配成功，创建一个匹配队列
01:01:27.28     6请求加入匹配成功,队列号912628
01:01:27.28     912628队列当前匹配成功
01:01:27.28     6请求开始匹配成功，创建一个匹配队列
01:01:29.28     912628房间初始化成功
01:01:29.28     912628房间_5_6_创建成功
01:01:32.34     6玩家准备成功
01:01:32.34     5玩家准备成功
01:01:32.34     912628房间全部准备，游戏即将开始
01:01:32.34     912628房间赢三张游戏开始
01:01:32.34     玩家手牌6:V11C4V13C1V10C2
01:01:32.34     玩家手牌5:V4C1V2C2V9C1
01:01:53.21     5请求看牌成功912628
01:01:55.37     5请求弃牌成功
01:01:55.37     912628房间赢三张游戏结束
01:02:00.39     912628房间即将解散
01:02:05.41     5获取用户信息
01:02:05.41     6获取用户信息
01:02:14.49     用户退出客户端主动断开连接
01:02:14.49     6请求离开匹配失败，当前没有匹配队列
01:02:14.49     6玩家下线了
01:02:15.36     用户退出客户端主动断开连接
01:02:15.36     5请求离开匹配失败，当前没有匹配队列
01:02:15.36     5玩家下线了
