11:15:26.05     用户请求快速注册消息到达
11:15:26.05     ip = 127.0.0.1:55191请求快速注册
11:15:26.06     快速注册成功:账号=lin10001 昵称=游10001
11:15:26.11     1获取用户信息
11:16:01.37     1请求创建匹配成功,队列号855164
11:16:01.38     1请求开始匹配成功，创建一个匹配队列
11:16:08.75     1请求离开匹配成功，移除匹配队列855164
04:39:24.86     用户请求快速注册消息到达
04:39:24.87     ip = 127.0.0.1:50413请求快速注册
04:39:24.87     快速注册成功:账号=lin10001 昵称=游10001
04:39:24.95     1获取用户信息
04:39:34.61     1请求创建匹配成功,队列号544595
04:39:34.61     1请求开始匹配成功，创建一个匹配队列
04:39:36.29     1请求离开匹配成功，移除匹配队列544595
04:41:55.90     用户退出客户端主动断开连接
04:41:55.90     1请求离开匹配失败，当前没有匹配队列
04:41:55.90     1玩家下线了
04:42:30.20     用户请求快速注册消息到达
04:42:30.20     ip = 127.0.0.1:50476请求快速注册
04:42:30.20     快速注册成功:账号=lin10002 昵称=游10002
04:42:30.30     2获取用户信息
04:42:34.52     用户请求快速注册消息到达
04:42:34.52     ip = 127.0.0.1:50483请求快速注册
04:42:34.52     快速注册成功:账号=lin10003 昵称=游10003
04:42:34.55     3获取用户信息
04:42:40.12     用户请求快速注册消息到达
04:42:40.12     ip = 127.0.0.1:50492请求快速注册
04:42:40.12     快速注册成功:账号=lin10004 昵称=游10004
04:42:40.15     4获取用户信息
04:42:47.37     用户请求快速注册消息到达
04:42:47.37     ip = 127.0.0.1:50498请求快速注册
04:42:47.37     快速注册成功:账号=lin10005 昵称=游10005
04:42:47.41     5获取用户信息
04:42:50.53     2请求创建匹配成功,队列号957399
04:42:50.53     2请求开始匹配成功，创建一个匹配队列
04:42:52.69     3请求加入匹配成功,队列号957399
04:42:52.69     957399队列当前匹配成功
04:42:52.69     3请求开始匹配成功，创建一个匹配队列
04:42:53.78     4请求创建匹配成功,队列号386515
04:42:53.78     4请求开始匹配成功，创建一个匹配队列
04:42:54.71     957399房间初始化成功
04:42:54.71     957399房间_2_3_创建成功
04:42:55.20     5请求加入匹配成功,队列号386515
04:42:55.20     386515队列当前匹配成功
04:42:55.20     5请求开始匹配成功，创建一个匹配队列
04:42:57.22     386515房间初始化成功
04:42:57.22     386515房间_4_5_创建成功
04:42:57.82     3玩家准备成功
04:42:57.86     2玩家准备成功
04:42:57.86     957399房间全部准备，游戏即将开始
04:42:57.86     957399房间赢三张游戏开始
04:42:57.86     玩家手牌2:V6C4V11C4V6C2
04:42:57.86     玩家手牌3:V3C3V2C2V4C3
04:43:00.27     5玩家准备成功
04:43:00.27     4玩家准备成功
04:43:00.27     386515房间全部准备，游戏即将开始
04:43:00.27     386515房间赢三张游戏开始
04:43:00.27     玩家手牌4:V3C1V6C4V12C1
04:43:00.27     玩家手牌5:V3C3V2C4V5C4
04:43:04.78     2请求看牌成功957399
04:43:06.34     3请求看牌成功957399
04:43:07.43     4请求看牌成功386515
04:43:08.55     5请求看牌成功386515
04:43:14.08     2请求和3比牌，比牌结果True
04:43:14.08     957399房间赢三张游戏结束
04:43:19.10     957399房间即将解散
04:43:24.11     3获取用户信息
04:43:24.12     2获取用户信息
04:43:27.15     2请求创建匹配成功,队列号764731
04:43:27.15     2请求开始匹配成功，创建一个匹配队列
04:43:29.83     3请求加入匹配成功,队列号764731
04:43:29.83     764731队列当前匹配成功
04:43:29.83     3请求开始匹配成功，创建一个匹配队列
04:43:31.85     764731房间初始化成功
04:43:31.85     764731房间_2_3_创建成功
04:43:34.88     2玩家准备成功
04:43:34.89     3玩家准备成功
04:43:34.89     764731房间全部准备，游戏即将开始
04:43:34.89     764731房间赢三张游戏开始
04:43:34.89     玩家手牌2:V2C2V6C4V2C3
04:43:34.89     玩家手牌3:V13C3V5C4V6C2
04:43:35.90     5请求错误，当前不是此玩家
04:43:40.11     4请求和5比牌，比牌结果True
04:43:40.11     386515房间赢三张游戏结束
04:43:45.13     386515房间即将解散
04:43:49.81     5获取用户信息
04:43:50.15     5获取用户信息
04:43:50.15     4获取用户信息
04:43:51.92     4获取用户信息
04:44:06.33     2请求看牌成功764731
04:44:08.02     3请求看牌成功764731
请求下注5
04:44:11.54     2下注5房间号764731是否看牌True
请求下注10
04:44:14.69     2请求错误，当前不是此玩家
请求下注5
04:44:16.86     2请求错误，当前不是此玩家
04:44:19.33     2请求错误，当前不是此玩家
04:44:22.56     3请求和2比牌，比牌结果False
04:44:22.56     764731房间赢三张游戏结束
请求下注10
04:44:27.46     2下注10房间号764731是否看牌True
04:44:27.56     764731房间即将解散
04:44:32.57     3获取用户信息
04:44:32.57     2获取用户信息
04:44:38.47     用户退出ConnectionReset
04:44:38.48     5请求离开匹配失败，当前没有匹配队列
04:44:38.48     5玩家下线了
04:44:41.08     2请求创建匹配成功,队列号975092
04:44:41.08     2请求开始匹配成功，创建一个匹配队列
04:44:41.66     3请求加入匹配成功,队列号975092
04:44:41.66     975092队列当前匹配成功
04:44:41.66     3请求开始匹配成功，创建一个匹配队列
04:44:41.90     用户退出ConnectionReset
04:44:41.90     4请求离开匹配失败，当前没有匹配队列
04:44:41.90     4玩家下线了
04:44:43.67     975092房间初始化成功
04:44:43.67     975092房间_2_3_创建成功
04:44:46.68     2玩家准备成功
04:44:46.69     3玩家准备成功
04:44:46.69     975092房间全部准备，游戏即将开始
04:44:46.69     975092房间赢三张游戏开始
04:44:46.69     玩家手牌2:V5C4V11C2V7C2
04:44:46.69     玩家手牌3:V13C3V2C3V6C4
04:44:49.05     2请求看牌成功975092
04:44:50.42     3请求看牌成功975092
04:45:00.89     3请求错误，当前不是此玩家
04:45:01.71     2请求和3比牌，比牌结果False
04:45:01.71     975092房间赢三张游戏结束
04:45:06.73     975092房间即将解散
04:45:11.74     3获取用户信息
04:45:11.74     2获取用户信息
04:45:16.05     2请求创建匹配成功,队列号254522
04:45:16.05     2请求开始匹配成功，创建一个匹配队列
04:45:16.92     3请求加入匹配成功,队列号254522
04:45:16.92     254522队列当前匹配成功
04:45:16.92     3请求开始匹配成功，创建一个匹配队列
04:45:18.93     254522房间初始化成功
04:45:18.93     254522房间_2_3_创建成功
04:45:21.95     3玩家准备成功
04:45:21.96     2玩家准备成功
04:45:21.96     254522房间全部准备，游戏即将开始
04:45:21.96     254522房间赢三张游戏开始
04:45:21.96     玩家手牌2:V10C3V2C2V3C3
04:45:21.96     玩家手牌3:V11C1V5C3V5C1
04:45:26.12     3请求看牌成功254522
04:45:27.84     2请求看牌成功254522
04:45:31.99     2请求和3比牌，比牌结果False
04:45:31.99     254522房间赢三张游戏结束
04:45:36.99     254522房间即将解散
04:45:41.58     2获取用户信息
04:45:42.00     3获取用户信息
04:45:42.01     2获取用户信息
04:45:58.95     用户退出ConnectionReset
04:45:58.95     2请求离开匹配失败，当前没有匹配队列
04:45:58.95     2玩家下线了
04:46:08.30     用户退出客户端主动断开连接
04:46:08.30     3请求离开匹配失败，当前没有匹配队列
04:46:08.30     3玩家下线了
